Traceback (most recent call last):
  File "predict.py", line 19, in <module>
    nvidia_smi.nvmlInit()
  File "/opt/miniconda3/envs/deepcsr/lib/python3.7/site-packages/pynvml.py", line 615, in nvmlInit
    _nvmlCheckReturn(ret)
  File "/opt/miniconda3/envs/deepcsr/lib/python3.7/site-packages/pynvml.py", line 310, in _nvmlCheckReturn
    raise NVMLError(ret)
pynvml.NVMLError_LibRmVersionMismatch: RM has detected an NVML/RM version mismatch.
inputs.mri_vol_path=/data/users2/washbee/speedrun/deepcsr-preprocessed/298455/mri.nii.gz', 'inputs.model_checkpoint=/data/users2/washbee/speedrun/outputdirs/deepcsr-output_dir/best_model.pth', 'inputs.model_surfaces=[lh_pial,lh_white,rh_pial,rh_white]', 'generator.resolution=256', 'outputs.output_dir=/data/users2/washbee/speedrun/outputdirs/deepcsr-output_dir-timing/checkpoints/test-set/', 'outputs.save_all=False']
Traceback (most recent call last):
  File "predict.py", line 174, in predict_app
    msgs = printSpaceUsage()
  File "predict.py", line 51, in printSpaceUsage
    handle = nvidia_smi.nvmlDeviceGetHandleByIndex(i)
  File "/opt/miniconda3/envs/deepcsr/lib/python3.7/site-packages/pynvml.py", line 807, in nvmlDeviceGetHandleByIndex
    _nvmlCheckReturn(ret)
  File "/opt/miniconda3/envs/deepcsr/lib/python3.7/site-packages/pynvml.py", line 310, in _nvmlCheckReturn
    raise NVMLError(ret)
pynvml.NVMLError_Uninitialized: Uninitialized

Set the environment variable HYDRA_FULL_ERROR=1 for a complete stack trace.
