[2023-03-02 22:22:33,055][__main__][INFO] - Predicting surfaces with DeepCSR
Config:
user_config: null
inputs:
  mri_id: 201818
  mri_vol_path: /data/users2/washbee/speedrun/deepcsr-preprocessed/201818/mri.nii.gz
  model_checkpoint: /data/users2/washbee/speedrun/outputdirs/deepcsr-output_dir/best_model.pth
  model_surfaces:
  - lh_pial
  - lh_white
  - rh_pial
  - rh_white
generator:
  bbox_size:
  - 192.0
  - 228.0
  - 192.0
  resolution: 256
  points_batch_size: 1000000
  isrpr_vol_post_process: true
  isrpr_vol_smooth: 1.0
  fix_topology: true
  iso_surface_level: 0.0
model:
  hypercol: true
  device: cuda:0
outputs:
  output_dir: /data/users2/washbee/speedrun/outputdirs/deepcsr-output_dir-timing/checkpoints/predict_debug/
  save_all: false

[2023-03-02 22:22:37,923][__main__][INFO] - MRI /data/users2/washbee/speedrun/deepcsr-preprocessed/201818/mri.nii.gz read with torch.Size([1, 182, 218, 182]) dimensions in 4.8667 secs
[2023-03-02 22:22:38,054][__main__][INFO] - 0.1289 secs for DeepCSR model setup:
DeepCSRNetwork(
  (encoder): HypercolumnNetwork(
    (max_pool): MaxPool3d(kernel_size=3, stride=2, padding=1, dilation=1, ceil_mode=False)
    (conv_in): Conv3d(1, 8, kernel_size=(3, 3, 3), stride=(1, 1, 1), padding=(1, 1, 1))
    (conv_0): Conv3d(8, 16, kernel_size=(3, 3, 3), stride=(2, 2, 2), padding=(1, 1, 1))
    (conv_1): Conv3d(16, 32, kernel_size=(3, 3, 3), stride=(2, 2, 2), padding=(1, 1, 1))
    (conv_2): Conv3d(32, 64, kernel_size=(3, 3, 3), stride=(2, 2, 2), padding=(1, 1, 1))
    (conv_3): Conv3d(64, 128, kernel_size=(3, 3, 3), stride=(2, 2, 2), padding=(1, 1, 1))
    (fc): Linear(in_features=4608, out_features=264, bias=True)
    (point_pool): PointPooling()
  )
  (decoder): OCCNetDecoder(
    (fc_p): Conv1d(3, 256, kernel_size=(1,), stride=(1,))
    (block0): CResnetBlockConv1d(
      (bn_0): CBatchNorm1d(
        (conv_gamma): Conv1d(512, 256, kernel_size=(1,), stride=(1,))
        (conv_beta): Conv1d(512, 256, kernel_size=(1,), stride=(1,))
        (bn): BatchNorm1d(256, eps=1e-05, momentum=0.1, affine=False, track_running_stats=True)
      )
      (bn_1): CBatchNorm1d(
        (conv_gamma): Conv1d(512, 256, kernel_size=(1,), stride=(1,))
        (conv_beta): Conv1d(512, 256, kernel_size=(1,), stride=(1,))
        (bn): BatchNorm1d(256, eps=1e-05, momentum=0.1, affine=False, track_running_stats=True)
      )
      (fc_0): Conv1d(256, 256, kernel_size=(1,), stride=(1,))
      (fc_1): Conv1d(256, 256, kernel_size=(1,), stride=(1,))
      (actvn): ReLU()
    )
    (block1): CResnetBlockConv1d(
      (bn_0): CBatchNorm1d(
        (conv_gamma): Conv1d(512, 256, kernel_size=(1,), stride=(1,))
        (conv_beta): Conv1d(512, 256, kernel_size=(1,), stride=(1,))
        (bn): BatchNorm1d(256, eps=1e-05, momentum=0.1, affine=False, track_running_stats=True)
      )
      (bn_1): CBatchNorm1d(
        (conv_gamma): Conv1d(512, 256, kernel_size=(1,), stride=(1,))
        (conv_beta): Conv1d(512, 256, kernel_size=(1,), stride=(1,))
        (bn): BatchNorm1d(256, eps=1e-05, momentum=0.1, affine=False, track_running_stats=True)
      )
      (fc_0): Conv1d(256, 256, kernel_size=(1,), stride=(1,))
      (fc_1): Conv1d(256, 256, kernel_size=(1,), stride=(1,))
      (actvn): ReLU()
    )
    (block2): CResnetBlockConv1d(
      (bn_0): CBatchNorm1d(
        (conv_gamma): Conv1d(512, 256, kernel_size=(1,), stride=(1,))
        (conv_beta): Conv1d(512, 256, kernel_size=(1,), stride=(1,))
        (bn): BatchNorm1d(256, eps=1e-05, momentum=0.1, affine=False, track_running_stats=True)
      )
      (bn_1): CBatchNorm1d(
        (conv_gamma): Conv1d(512, 256, kernel_size=(1,), stride=(1,))
        (conv_beta): Conv1d(512, 256, kernel_size=(1,), stride=(1,))
        (bn): BatchNorm1d(256, eps=1e-05, momentum=0.1, affine=False, track_running_stats=True)
      )
      (fc_0): Conv1d(256, 256, kernel_size=(1,), stride=(1,))
      (fc_1): Conv1d(256, 256, kernel_size=(1,), stride=(1,))
      (actvn): ReLU()
    )
    (block3): CResnetBlockConv1d(
      (bn_0): CBatchNorm1d(
        (conv_gamma): Conv1d(512, 256, kernel_size=(1,), stride=(1,))
        (conv_beta): Conv1d(512, 256, kernel_size=(1,), stride=(1,))
        (bn): BatchNorm1d(256, eps=1e-05, momentum=0.1, affine=False, track_running_stats=True)
      )
      (bn_1): CBatchNorm1d(
        (conv_gamma): Conv1d(512, 256, kernel_size=(1,), stride=(1,))
        (conv_beta): Conv1d(512, 256, kernel_size=(1,), stride=(1,))
        (bn): BatchNorm1d(256, eps=1e-05, momentum=0.1, affine=False, track_running_stats=True)
      )
      (fc_0): Conv1d(256, 256, kernel_size=(1,), stride=(1,))
      (fc_1): Conv1d(256, 256, kernel_size=(1,), stride=(1,))
      (actvn): ReLU()
    )
    (block4): CResnetBlockConv1d(
      (bn_0): CBatchNorm1d(
        (conv_gamma): Conv1d(512, 256, kernel_size=(1,), stride=(1,))
        (conv_beta): Conv1d(512, 256, kernel_size=(1,), stride=(1,))
        (bn): BatchNorm1d(256, eps=1e-05, momentum=0.1, affine=False, track_running_stats=True)
      )
      (bn_1): CBatchNorm1d(
        (conv_gamma): Conv1d(512, 256, kernel_size=(1,), stride=(1,))
        (conv_beta): Conv1d(512, 256, kernel_size=(1,), stride=(1,))
        (bn): BatchNorm1d(256, eps=1e-05, momentum=0.1, affine=False, track_running_stats=True)
      )
      (fc_0): Conv1d(256, 256, kernel_size=(1,), stride=(1,))
      (fc_1): Conv1d(256, 256, kernel_size=(1,), stride=(1,))
      (actvn): ReLU()
    )
    (bn): CBatchNorm1d(
      (conv_gamma): Conv1d(512, 256, kernel_size=(1,), stride=(1,))
      (conv_beta): Conv1d(512, 256, kernel_size=(1,), stride=(1,))
      (bn): BatchNorm1d(256, eps=1e-05, momentum=0.1, affine=False, track_running_stats=True)
    )
    (fc_out): Conv1d(256, 4, kernel_size=(1,), stride=(1,))
  )
)
[2023-03-02 22:22:38,055][__main__][INFO] - Total number of parameters: 5060188
[2023-03-02 22:22:39,666][__main__][INFO] - Model weights at iteration 42000 and validation loss 2378.6959 loaded from /data/users2/washbee/speedrun/outputdirs/deepcsr-output_dir/best_model.pth in 1.6102 secs





model size: 19.325MB





[2023-03-02 22:22:39,668][__main__][INFO] - predicting implicit surfaces ...
[2023-03-02 22:22:39,882][__main__][INFO] - 16777216 query points generated to predict implicit surfaces
[2023-03-02 22:23:04,824][__main__][INFO] - predicted 9/17 batches of query points in 25.1554 secs
[2023-03-02 22:23:21,801][__main__][INFO] - Implicit surface prediction of shape (256, 256, 256, 4) computed in 42.1028 secs
[2023-03-02 22:23:21,803][__main__][INFO] - extracting meshes...
[2023-03-02 22:23:22,200][__main__][INFO] - Post-processing predicted implicit surface representation for surface lh_pial ...
[2023-03-02 22:23:22,452][__main__][INFO] - Post-processing predicted implicit surface representation for surface lh_white ...
[2023-03-02 22:23:22,771][__main__][INFO] - Post-processing predicted implicit surface representation for surface rh_pial ...
[2023-03-02 22:23:23,019][__main__][INFO] - Post-processing predicted implicit surface representation for surface rh_white ...
[2023-03-02 22:23:25,391][__main__][INFO] - Post-processed predicted implicit surface representation for surface lh_pial has (133, 220, 190) voxels and was computed in 3.1912 secs
[2023-03-02 22:23:25,396][__main__][INFO] - Smoothing predicted implicit surface representation for surface lh_pial with Gaussian kernel radius of 1.0...
[2023-03-02 22:23:25,945][__main__][INFO] - Post-processed predicted implicit surface representation for surface rh_pial has (126, 220, 196) voxels and was computed in 3.1734 secs
[2023-03-02 22:23:25,947][__main__][INFO] - Smoothing predicted implicit surface representation for surface rh_pial with Gaussian kernel radius of 1.0...
[2023-03-02 22:23:26,029][__main__][INFO] - Post-processed predicted implicit surface representation for surface lh_white has (124, 216, 176) voxels and was computed in 3.5763 secs
[2023-03-02 22:23:26,030][__main__][INFO] - Smoothing predicted implicit surface representation for surface lh_white with Gaussian kernel radius of 1.0...
[2023-03-02 22:23:26,045][__main__][INFO] - Smoothed predicted implicit surface for lh_pial in 0.6497 secs
[2023-03-02 22:23:26,153][__main__][INFO] - Post-processed predicted implicit surface representation for surface rh_white has (120, 213, 184) voxels and was computed in 3.1337 secs
[2023-03-02 22:23:26,155][__main__][INFO] - Smoothing predicted implicit surface representation for surface rh_white with Gaussian kernel radius of 1.0...
[2023-03-02 22:23:26,561][__main__][INFO] - Smoothed predicted implicit surface for rh_pial in 0.6134 secs
[2023-03-02 22:23:26,563][__main__][INFO] - Smoothed predicted implicit surface for lh_white in 0.5325 secs
[2023-03-02 22:23:26,676][__main__][INFO] - Smoothed predicted implicit surface for rh_white in 0.5215 secs
[2023-03-02 22:23:33,871][__main__][INFO] - fixing topology of surface with nighres toolbox...
[2023-03-02 22:23:33,871][__main__][INFO] - fixing topology of surface with nighres toolbox...
[2023-03-02 22:23:33,871][__main__][INFO] - fixing topology of surface with nighres toolbox...
[2023-03-02 22:23:33,871][__main__][INFO] - fixing topology of surface with nighres toolbox...

Topology Correction

Topology Correction
Topology Correction

Topology Correction

Opening LUT: java.io.FileInputStream@533ddba
Opening LUT: java.io.FileInputStream@533ddba
Opening LUT: java.io.FileInputStream@533ddba
Opening LUT: java.io.FileInputStream@533ddba
Simple points: 2537750
Simple points: 2537750
intialize from bounding box
intialize from bounding box
Simple points: 2537750
intialize from min levelset
initialization
Simple points: 2537750
initialization
initialization
fast marching correction (levelsets)
intialize from min levelset
fast marching correction (levelsets)
fast marching correction (levelsets)
initialization
fast marching correction (levelsets)
init
init
init
init
done
done
[2023-03-02 22:24:13,345][__main__][INFO] - Fixed topology of surface rh_white using nighres in 39.4738 secs
[2023-03-02 22:24:13,346][__main__][INFO] - extracting 0.0 iso-surface of surface rh_white...
[2023-03-02 22:24:13,830][__main__][INFO] - Surface rh_white extracted in 0.2482 secs and saved to /data/users2/washbee/speedrun/outputdirs/deepcsr-output_dir-timing/checkpoints/predict_debug/201818_rh_white.stl
[2023-03-02 22:24:13,901][__main__][INFO] - Fixed topology of surface lh_white using nighres in 40.0296 secs
[2023-03-02 22:24:13,902][__main__][INFO] - extracting 0.0 iso-surface of surface lh_white...
[2023-03-02 22:24:14,318][__main__][INFO] - Surface lh_white extracted in 0.2388 secs and saved to /data/users2/washbee/speedrun/outputdirs/deepcsr-output_dir-timing/checkpoints/predict_debug/201818_lh_white.stl
done
[2023-03-02 22:24:17,597][__main__][INFO] - Fixed topology of surface rh_pial using nighres in 43.7258 secs
[2023-03-02 22:24:17,598][__main__][INFO] - extracting 0.0 iso-surface of surface rh_pial...
[2023-03-02 22:24:17,982][__main__][INFO] - Surface rh_pial extracted in 0.2379 secs and saved to /data/users2/washbee/speedrun/outputdirs/deepcsr-output_dir-timing/checkpoints/predict_debug/201818_rh_pial.stl
done
[2023-03-02 22:24:20,431][__main__][INFO] - Fixed topology of surface lh_pial using nighres in 46.5598 secs
[2023-03-02 22:24:20,432][__main__][INFO] - extracting 0.0 iso-surface of surface lh_pial...
[2023-03-02 22:24:20,792][__main__][INFO] - Surface lh_pial extracted in 0.2190 secs and saved to /data/users2/washbee/speedrun/outputdirs/deepcsr-output_dir-timing/checkpoints/predict_debug/201818_lh_pial.stl
[2023-03-02 22:24:21,231][__main__][INFO] - Surfaces extracted in 59.4277 secs
0 - override config
Device 0: b'NVIDIA GeForce RTX 2080 Ti', Memory : (97.78% free): 11811160064(total), 11548622848 (free), 262537216 (used)
Max Memory occupied by tensors: 0
Max Memory Cached: 0
Current Memory occupied by tensors: 0
Current Memory cached occupied by tensors: 0




0 - read MRI
Device 0: b'NVIDIA GeForce RTX 2080 Ti', Memory : (97.75% free): 11811160064(total), 11545673728 (free), 265486336 (used)
Max Memory occupied by tensors: 0
Max Memory Cached: 0
Current Memory occupied by tensors: 0
Current Memory cached occupied by tensors: 0




0 - setup model
Device 0: b'NVIDIA GeForce RTX 2080 Ti', Memory : (88.57% free): 11811160064(total), 10461446144 (free), 1349713920 (used)
Max Memory occupied by tensors: 29360640
Max Memory Cached: 31457280
Current Memory occupied by tensors: 29360640
Current Memory cached occupied by tensors: 31457280




0 - load model weights
Device 0: b'NVIDIA GeForce RTX 2080 Ti', Memory : (88.27% free): 11811160064(total), 10425794560 (free), 1385365504 (used)
Max Memory occupied by tensors: 49632256
Max Memory Cached: 67108864
Current Memory occupied by tensors: 49632256
Current Memory cached occupied by tensors: 67108864




0 - generate grid of points at desired resolution
Device 0: b'NVIDIA GeForce RTX 2080 Ti', Memory : (87.88% free): 11811160064(total), 10379657216 (free), 1431502848 (used)
Max Memory occupied by tensors: 110390784
Max Memory Cached: 113246208
Current Memory occupied by tensors: 49632256
Current Memory cached occupied by tensors: 113246208




0 - implicit surface prediction in batches and resuing computed features
Device 0: b'NVIDIA GeForce RTX 2080 Ti', Memory : (87.88% free): 11811160064(total), 10379657216 (free), 1431502848 (used)
Max Memory occupied by tensors: 110390784
Max Memory Cached: 113246208
Current Memory occupied by tensors: 49632256
Current Memory cached occupied by tensors: 113246208




0 - generate meshes in parallel
Device 0: b'NVIDIA GeForce RTX 2080 Ti', Memory : (86.73% free): 11811160064(total), 10243342336 (free), 1567817728 (used)
Max Memory occupied by tensors: 9599518720
Max Memory Cached: 9745465344
Current Memory occupied by tensors: 71394304
Current Memory cached occupied by tensors: 228589568




0 - timer statistics to disk
Device 0: b'NVIDIA GeForce RTX 2080 Ti', Memory : (86.73% free): 11811160064(total), 10243342336 (free), 1567817728 (used)
Max Memory occupied by tensors: 9599518720
Max Memory Cached: 9745465344
Current Memory occupied by tensors: 71394304
Current Memory cached occupied by tensors: 228589568




[2023-03-02 22:24:21,232][__main__][INFO] - Timer summary:
[2023-03-02 22:24:21,233][__main__][INFO] - 	ReadData => 4.8667 secs
[2023-03-02 22:24:21,233][__main__][INFO] - 	ModelSetup => 0.1289 secs
[2023-03-02 22:24:21,233][__main__][INFO] - 	ModelLoadWeights => 1.6102 secs
[2023-03-02 22:24:21,233][__main__][INFO] - 	ImplicitSurfacePrediction => 42.1028 secs
[2023-03-02 22:24:21,233][__main__][INFO] - 	MeshExtraction => 59.4277 secs
[2023-03-02 22:24:21,233][__main__][INFO] - 	Total => 108.1763 secs
[2023-03-02 22:24:21,233][__main__][INFO] - 	PostProcessingImplicictSurface => 3.1337 secs
[2023-03-02 22:24:21,233][__main__][INFO] - 	lh_pial_ImplicictSurfaceSmooth => 0.6497 secs
[2023-03-02 22:24:21,233][__main__][INFO] - 	lh_pial_TopologyFix => 46.5598 secs
[2023-03-02 22:24:21,233][__main__][INFO] - 	lh_pial_IsoSurfaceExtraction => 0.2190 secs
[2023-03-02 22:24:21,233][__main__][INFO] - 	lh_white_ImplicictSurfaceSmooth => 0.5325 secs
[2023-03-02 22:24:21,233][__main__][INFO] - 	lh_white_TopologyFix => 40.0296 secs
[2023-03-02 22:24:21,233][__main__][INFO] - 	lh_white_IsoSurfaceExtraction => 0.2388 secs
[2023-03-02 22:24:21,233][__main__][INFO] - 	rh_pial_ImplicictSurfaceSmooth => 0.6134 secs
[2023-03-02 22:24:21,233][__main__][INFO] - 	rh_pial_TopologyFix => 43.7258 secs
[2023-03-02 22:24:21,233][__main__][INFO] - 	rh_pial_IsoSurfaceExtraction => 0.2379 secs
[2023-03-02 22:24:21,233][__main__][INFO] - 	rh_white_ImplicictSurfaceSmooth => 0.5215 secs
[2023-03-02 22:24:21,234][__main__][INFO] - 	rh_white_TopologyFix => 39.4738 secs
[2023-03-02 22:24:21,234][__main__][INFO] - 	rh_white_IsoSurfaceExtraction => 0.2482 secs
[2023-03-02 22:24:21,234][__main__][INFO] - Total Surface prediction finished in 108.1763 seconds
