[2023-03-15 19:21:31,088][__main__][INFO] - Surface lh_pial extracted in 0.2077 secs and saved to /data/users2/washbee/speedrun/outputdirs/deepcsr-output_dir-timing/checkpoints/predict_debug/201818_lh_pial.stl
[2023-03-15 19:21:31,651][__main__][INFO] - Surfaces extracted in 43.8128 secs
0 - override config
Device 0: b'Tesla V100-SXM2-32GB', Memory : (99.21% free): 34359738368(total), 34089795584 (free), 269942784 (used)
Max Memory occupied by tensors: 0
Max Memory Cached: 0
Current Memory occupied by tensors: 0
Current Memory cached occupied by tensors: 0




0 - read MRI
Device 0: b'Tesla V100-SXM2-32GB', Memory : (99.20% free): 34359738368(total), 34085994496 (free), 273743872 (used)
Max Memory occupied by tensors: 0
Max Memory Cached: 0
Current Memory occupied by tensors: 0
Current Memory cached occupied by tensors: 0




0 - setup model
Device 0: b'Tesla V100-SXM2-32GB', Memory : (95.43% free): 34359738368(total), 32791003136 (free), 1568735232 (used)
Max Memory occupied by tensors: 29360640
Max Memory Cached: 31457280
Current Memory occupied by tensors: 29360640
Current Memory cached occupied by tensors: 31457280




0 - load model weights
Device 0: b'Tesla V100-SXM2-32GB', Memory : (95.33% free): 34359738368(total), 32755351552 (free), 1604386816 (used)
Max Memory occupied by tensors: 49632256
Max Memory Cached: 67108864
Current Memory occupied by tensors: 49632256
Current Memory cached occupied by tensors: 67108864




0 - generate grid of points at desired resolution
Device 0: b'Tesla V100-SXM2-32GB', Memory : (95.20% free): 34359738368(total), 32709214208 (free), 1650524160 (used)
Max Memory occupied by tensors: 110390784
Max Memory Cached: 113246208
Current Memory occupied by tensors: 49632256
Current Memory cached occupied by tensors: 113246208




0 - implicit surface prediction in batches and resuing computed features
Device 0: b'Tesla V100-SXM2-32GB', Memory : (95.20% free): 34359738368(total), 32709214208 (free), 1650524160 (used)
Max Memory occupied by tensors: 110390784
Max Memory Cached: 113246208
Current Memory occupied by tensors: 49632256
Current Memory cached occupied by tensors: 113246208




0 - after model prediction / generate meshes in parallel
Device 0: b'Tesla V100-SXM2-32GB', Memory : (95.18% free): 34359738368(total), 32705019904 (free), 1654718464 (used)
Max Memory occupied by tensors: 9599040512
Max Memory Cached: 10722738176
Current Memory occupied by tensors: 71394304
Current Memory cached occupied by tensors: 96468992




0 - timer statistics to disk
Device 0: b'Tesla V100-SXM2-32GB', Memory : (95.18% free): 34359738368(total), 32705019904 (free), 1654718464 (used)
Max Memory occupied by tensors: 9599040512
Max Memory Cached: 10722738176
Current Memory occupied by tensors: 71394304
Current Memory cached occupied by tensors: 96468992




[2023-03-15 19:21:31,652][__main__][INFO] - Timer summary:
[2023-03-15 19:21:31,653][__main__][INFO] - 	ReadData => 3.4844 secs
[2023-03-15 19:21:31,654][__main__][INFO] - 	ModelSetup => 0.1459 secs
[2023-03-15 19:21:31,654][__main__][INFO] - 	ModelLoadWeights => 0.1005 secs
[2023-03-15 19:21:31,654][__main__][INFO] - 	ImplicitSurfacePrediction => 32.7521 secs
[2023-03-15 19:21:31,654][__main__][INFO] - 	MeshExtraction => 43.8128 secs
[2023-03-15 19:21:31,654][__main__][INFO] - 	Total => 80.3215 secs
[2023-03-15 19:21:31,654][__main__][INFO] - 	PostProcessingImplicictSurface => 2.9229 secs
[2023-03-15 19:21:31,654][__main__][INFO] - 	lh_pial_ImplicictSurfaceSmooth => 0.1776 secs
[2023-03-15 19:21:31,654][__main__][INFO] - 	lh_pial_TopologyFix => 36.7981 secs
[2023-03-15 19:21:31,654][__main__][INFO] - 	lh_pial_IsoSurfaceExtraction => 0.2077 secs
[2023-03-15 19:21:31,654][__main__][INFO] - 	lh_white_ImplicictSurfaceSmooth => 0.1246 secs
[2023-03-15 19:21:31,654][__main__][INFO] - 	lh_white_TopologyFix => 32.4234 secs
[2023-03-15 19:21:31,654][__main__][INFO] - 	lh_white_IsoSurfaceExtraction => 0.2229 secs
[2023-03-15 19:21:31,654][__main__][INFO] - 	rh_pial_ImplicictSurfaceSmooth => 0.1352 secs
[2023-03-15 19:21:31,654][__main__][INFO] - 	rh_pial_TopologyFix => 35.3749 secs
[2023-03-15 19:21:31,654][__main__][INFO] - 	rh_pial_IsoSurfaceExtraction => 0.2128 secs
[2023-03-15 19:21:31,654][__main__][INFO] - 	rh_white_ImplicictSurfaceSmooth => 0.1432 secs
[2023-03-15 19:21:31,654][__main__][INFO] - 	rh_white_TopologyFix => 32.0109 secs
[2023-03-15 19:21:31,654][__main__][INFO] - 	rh_white_IsoSurfaceExtraction => 0.2270 secs
[2023-03-15 19:21:31,655][__main__][INFO] - Total Surface prediction finished in 80.3215 seconds
[2023-03-15 19:21:37,655][__main__][INFO] - Predicting surfaces with DeepCSR
Config:
user_config: null
inputs:
  mri_id: 201818
  mri_vol_path: /data/users2/washbee/speedrun/deepcsr-preprocessed/201818/mri.nii.gz
  model_checkpoint: /data/users2/washbee/speedrun/outputdirs/deepcsr-output_dir/best_model.pth
  model_surfaces:
  - lh_pial
  - lh_white
  - rh_pial
  - rh_white
generator:
  bbox_size:
  - 192.0
  - 228.0
  - 192.0
  resolution: 256
  points_batch_size: 1000000
  isrpr_vol_post_process: true
  isrpr_vol_smooth: 1.0
  fix_topology: true
  iso_surface_level: 0.0
model:
  hypercol: true
  device: cuda:0
outputs:
  output_dir: /data/users2/washbee/speedrun/outputdirs/deepcsr-output_dir-timing/checkpoints/predict_debug/
  save_all: false

done
done
[2023-03-15 19:21:38,300][__main__][INFO] - Implicit surface prediction of shape (256, 256, 256, 4) computed in 32.7686 secs
[2023-03-15 19:21:38,302][__main__][INFO] - extracting meshes...
[2023-03-15 19:21:38,645][__main__][INFO] - Fixed topology of surface lh_white using nighres in 28.7109 secs
[2023-03-15 19:21:38,645][__main__][INFO] - extracting 0.0 iso-surface of surface lh_white...
[2023-03-15 19:21:38,724][__main__][INFO] - Post-processing predicted implicit surface representation for surface lh_pial ...
[2023-03-15 19:21:38,959][__main__][INFO] - Post-processing predicted implicit surface representation for surface lh_white ...
[2023-03-15 19:21:39,117][__main__][INFO] - Surface lh_white extracted in 0.2087 secs and saved to /data/users2/washbee/speedrun/outputdirs/deepcsr-output_dir-timing/checkpoints/predict_debug/201818_lh_white.stl
[2023-03-15 19:21:39,138][__main__][INFO] - Fixed topology of surface rh_white using nighres in 29.0028 secs
[2023-03-15 19:21:39,139][__main__][INFO] - extracting 0.0 iso-surface of surface rh_white...
[2023-03-15 19:21:39,208][__main__][INFO] - Post-processing predicted implicit surface representation for surface rh_pial ...
[2023-03-15 19:21:39,440][__main__][INFO] - Post-processing predicted implicit surface representation for surface rh_white ...
[2023-03-15 19:21:39,528][__main__][INFO] - Surface rh_white extracted in 0.1968 secs and saved to /data/users2/washbee/speedrun/outputdirs/deepcsr-output_dir-timing/checkpoints/predict_debug/201818_rh_white.stl
done
[2023-03-15 19:21:40,783][__main__][INFO] - MRI /data/users2/washbee/speedrun/deepcsr-preprocessed/201818/mri.nii.gz read with torch.Size([1, 182, 218, 182]) dimensions in 3.1272 secs

*********before loading model
 
Device 0: b'Tesla V100-SXM2-32GB', Memory : (95.43% free): 34359738368(total), 32791003136 (free), 1568735232 (used)
Max Memory occupied by tensors: 29360640
Max Memory Cached: 31457280
Current Memory occupied by tensors: 29360640
Current Memory cached occupied by tensors: 31457280


*********after loading model
 
Device 0: b'Tesla V100-SXM2-32GB', Memory : (95.33% free): 34359738368(total), 32755351552 (free), 1604386816 (used)
Max Memory occupied by tensors: 49632256
Max Memory Cached: 67108864
Current Memory occupied by tensors: 49632256
Current Memory cached occupied by tensors: 67108864

[2023-03-15 19:21:40,921][__main__][INFO] - 0.1362 secs for DeepCSR model setup:
DeepCSRNetwork(
  (encoder): HypercolumnNetwork(
    (max_pool): MaxPool3d(kernel_size=3, stride=2, padding=1, dilation=1, ceil_mode=False)
    (conv_in): Conv3d(1, 8, kernel_size=(3, 3, 3), stride=(1, 1, 1), padding=(1, 1, 1))
    (conv_0): Conv3d(8, 16, kernel_size=(3, 3, 3), stride=(2, 2, 2), padding=(1, 1, 1))
    (conv_1): Conv3d(16, 32, kernel_size=(3, 3, 3), stride=(2, 2, 2), padding=(1, 1, 1))
    (conv_2): Conv3d(32, 64, kernel_size=(3, 3, 3), stride=(2, 2, 2), padding=(1, 1, 1))
    (conv_3): Conv3d(64, 128, kernel_size=(3, 3, 3), stride=(2, 2, 2), padding=(1, 1, 1))
    (fc): Linear(in_features=4608, out_features=264, bias=True)
    (point_pool): PointPooling()
  )
  (decoder): OCCNetDecoder(
    (fc_p): Conv1d(3, 256, kernel_size=(1,), stride=(1,))
    (block0): CResnetBlockConv1d(
      (bn_0): CBatchNorm1d(
        (conv_gamma): Conv1d(512, 256, kernel_size=(1,), stride=(1,))
        (conv_beta): Conv1d(512, 256, kernel_size=(1,), stride=(1,))
        (bn): BatchNorm1d(256, eps=1e-05, momentum=0.1, affine=False, track_running_stats=True)
      )
      (bn_1): CBatchNorm1d(
        (conv_gamma): Conv1d(512, 256, kernel_size=(1,), stride=(1,))
        (conv_beta): Conv1d(512, 256, kernel_size=(1,), stride=(1,))
        (bn): BatchNorm1d(256, eps=1e-05, momentum=0.1, affine=False, track_running_stats=True)
      )
      (fc_0): Conv1d(256, 256, kernel_size=(1,), stride=(1,))
      (fc_1): Conv1d(256, 256, kernel_size=(1,), stride=(1,))
      (actvn): ReLU()
    )
    (block1): CResnetBlockConv1d(
      (bn_0): CBatchNorm1d(
        (conv_gamma): Conv1d(512, 256, kernel_size=(1,), stride=(1,))
        (conv_beta): Conv1d(512, 256, kernel_size=(1,), stride=(1,))
        (bn): BatchNorm1d(256, eps=1e-05, momentum=0.1, affine=False, track_running_stats=True)
      )
      (bn_1): CBatchNorm1d(
        (conv_gamma): Conv1d(512, 256, kernel_size=(1,), stride=(1,))
        (conv_beta): Conv1d(512, 256, kernel_size=(1,), stride=(1,))
        (bn): BatchNorm1d(256, eps=1e-05, momentum=0.1, affine=False, track_running_stats=True)
      )
      (fc_0): Conv1d(256, 256, kernel_size=(1,), stride=(1,))
      (fc_1): Conv1d(256, 256, kernel_size=(1,), stride=(1,))
      (actvn): ReLU()
    )
    (block2): CResnetBlockConv1d(
      (bn_0): CBatchNorm1d(
        (conv_gamma): Conv1d(512, 256, kernel_size=(1,), stride=(1,))
        (conv_beta): Conv1d(512, 256, kernel_size=(1,), stride=(1,))
        (bn): BatchNorm1d(256, eps=1e-05, momentum=0.1, affine=False, track_running_stats=True)
      )
      (bn_1): CBatchNorm1d(
        (conv_gamma): Conv1d(512, 256, kernel_size=(1,), stride=(1,))
        (conv_beta): Conv1d(512, 256, kernel_size=(1,), stride=(1,))
        (bn): BatchNorm1d(256, eps=1e-05, momentum=0.1, affine=False, track_running_stats=True)
      )
      (fc_0): Conv1d(256, 256, kernel_size=(1,), stride=(1,))
      (fc_1): Conv1d(256, 256, kernel_size=(1,), stride=(1,))
      (actvn): ReLU()
    )
    (block3): CResnetBlockConv1d(
      (bn_0): CBatchNorm1d(
        (conv_gamma): Conv1d(512, 256, kernel_size=(1,), stride=(1,))
        (conv_beta): Conv1d(512, 256, kernel_size=(1,), stride=(1,))
        (bn): BatchNorm1d(256, eps=1e-05, momentum=0.1, affine=False, track_running_stats=True)
      )
      (bn_1): CBatchNorm1d(
        (conv_gamma): Conv1d(512, 256, kernel_size=(1,), stride=(1,))
        (conv_beta): Conv1d(512, 256, kernel_size=(1,), stride=(1,))
        (bn): BatchNorm1d(256, eps=1e-05, momentum=0.1, affine=False, track_running_stats=True)
      )
      (fc_0): Conv1d(256, 256, kernel_size=(1,), stride=(1,))
      (fc_1): Conv1d(256, 256, kernel_size=(1,), stride=(1,))
      (actvn): ReLU()
    )
    (block4): CResnetBlockConv1d(
      (bn_0): CBatchNorm1d(
        (conv_gamma): Conv1d(512, 256, kernel_size=(1,), stride=(1,))
        (conv_beta): Conv1d(512, 256, kernel_size=(1,), stride=(1,))
        (bn): BatchNorm1d(256, eps=1e-05, momentum=0.1, affine=False, track_running_stats=True)
      )
      (bn_1): CBatchNorm1d(
        (conv_gamma): Conv1d(512, 256, kernel_size=(1,), stride=(1,))
        (conv_beta): Conv1d(512, 256, kernel_size=(1,), stride=(1,))
        (bn): BatchNorm1d(256, eps=1e-05, momentum=0.1, affine=False, track_running_stats=True)
      )
      (fc_0): Conv1d(256, 256, kernel_size=(1,), stride=(1,))
      (fc_1): Conv1d(256, 256, kernel_size=(1,), stride=(1,))
      (actvn): ReLU()
    )
    (bn): CBatchNorm1d(
      (conv_gamma): Conv1d(512, 256, kernel_size=(1,), stride=(1,))
      (conv_beta): Conv1d(512, 256, kernel_size=(1,), stride=(1,))
      (bn): BatchNorm1d(256, eps=1e-05, momentum=0.1, affine=False, track_running_stats=True)
    )
    (fc_out): Conv1d(256, 4, kernel_size=(1,), stride=(1,))
  )
)
[2023-03-15 19:21:40,921][__main__][INFO] - Total number of parameters: 5060188
done
[2023-03-15 19:21:41,007][__main__][INFO] - Model weights at iteration 42000 and validation loss 2378.6959 loaded from /data/users2/washbee/speedrun/outputdirs/deepcsr-output_dir/best_model.pth in 0.0846 secs





model size: 19.325MB





[2023-03-15 19:21:41,009][__main__][INFO] - predicting implicit surfaces ...
[2023-03-15 19:21:41,193][__main__][INFO] - 16777216 query points generated to predict implicit surfaces
[2023-03-15 19:21:41,286][__main__][INFO] - Post-processed predicted implicit surface representation for surface lh_pial has (133, 220, 190) voxels and was computed in 2.5614 secs
[2023-03-15 19:21:41,288][__main__][INFO] - Smoothing predicted implicit surface representation for surface lh_pial with Gaussian kernel radius of 1.0...
[2023-03-15 19:21:41,425][__main__][INFO] - Smoothed predicted implicit surface for lh_pial in 0.1371 secs
[2023-03-15 19:21:41,456][__main__][INFO] - Fixed topology of surface rh_pial using nighres in 31.5219 secs
[2023-03-15 19:21:41,456][__main__][INFO] - extracting 0.0 iso-surface of surface rh_pial...
[2023-03-15 19:21:41,762][__main__][INFO] - Post-processed predicted implicit surface representation for surface lh_white has (124, 216, 176) voxels and was computed in 2.8034 secs
[2023-03-15 19:21:41,764][__main__][INFO] - Smoothing predicted implicit surface representation for surface lh_white with Gaussian kernel radius of 1.0...
[2023-03-15 19:21:41,805][__main__][INFO] - Surface rh_pial extracted in 0.1987 secs and saved to /data/users2/washbee/speedrun/outputdirs/deepcsr-output_dir-timing/checkpoints/predict_debug/201818_rh_pial.stl
[2023-03-15 19:21:41,825][__main__][INFO] - Post-processed predicted implicit surface representation for surface rh_pial has (126, 220, 196) voxels and was computed in 2.6162 secs
[2023-03-15 19:21:41,826][__main__][INFO] - Smoothing predicted implicit surface representation for surface rh_pial with Gaussian kernel radius of 1.0...
[2023-03-15 19:21:41,870][__main__][INFO] - Smoothed predicted implicit surface for lh_white in 0.1062 secs
[2023-03-15 19:21:41,923][__main__][INFO] - Fixed topology of surface lh_pial using nighres in 32.5534 secs
[2023-03-15 19:21:41,924][__main__][INFO] - extracting 0.0 iso-surface of surface lh_pial...
[2023-03-15 19:21:41,955][__main__][INFO] - Smoothed predicted implicit surface for rh_pial in 0.1282 secs
[2023-03-15 19:21:42,079][__main__][INFO] - Post-processed predicted implicit surface representation for surface rh_white has (120, 213, 184) voxels and was computed in 2.6382 secs
[2023-03-15 19:21:42,080][__main__][INFO] - Smoothing predicted implicit surface representation for surface rh_white with Gaussian kernel radius of 1.0...
[2023-03-15 19:21:42,217][__main__][INFO] - Smoothed predicted implicit surface for rh_white in 0.1369 secs
[2023-03-15 19:21:42,354][__main__][INFO] - Surface lh_pial extracted in 0.1880 secs and saved to /data/users2/washbee/speedrun/outputdirs/deepcsr-output_dir-timing/checkpoints/predict_debug/201818_lh_pial.stl
[2023-03-15 19:21:42,974][__main__][INFO] - Surfaces extracted in 39.8356 secs
0 - override config
Device 0: b'Tesla V100-SXM2-32GB', Memory : (99.21% free): 34359738368(total), 34089795584 (free), 269942784 (used)
Max Memory occupied by tensors: 0
Max Memory Cached: 0
Current Memory occupied by tensors: 0
Current Memory cached occupied by tensors: 0




0 - read MRI
Device 0: b'Tesla V100-SXM2-32GB', Memory : (99.20% free): 34359738368(total), 34085994496 (free), 273743872 (used)
Max Memory occupied by tensors: 0
Max Memory Cached: 0
Current Memory occupied by tensors: 0
Current Memory cached occupied by tensors: 0




0 - setup model
Device 0: b'Tesla V100-SXM2-32GB', Memory : (95.43% free): 34359738368(total), 32791003136 (free), 1568735232 (used)
Max Memory occupied by tensors: 29360640
Max Memory Cached: 31457280
Current Memory occupied by tensors: 29360640
Current Memory cached occupied by tensors: 31457280




0 - load model weights
Device 0: b'Tesla V100-SXM2-32GB', Memory : (95.33% free): 34359738368(total), 32755351552 (free), 1604386816 (used)
Max Memory occupied by tensors: 49632256
Max Memory Cached: 67108864
Current Memory occupied by tensors: 49632256
Current Memory cached occupied by tensors: 67108864




0 - generate grid of points at desired resolution
Device 0: b'Tesla V100-SXM2-32GB', Memory : (95.20% free): 34359738368(total), 32709214208 (free), 1650524160 (used)
Max Memory occupied by tensors: 110390784
Max Memory Cached: 113246208
Current Memory occupied by tensors: 49632256
Current Memory cached occupied by tensors: 113246208




0 - implicit surface prediction in batches and resuing computed features
Device 0: b'Tesla V100-SXM2-32GB', Memory : (95.20% free): 34359738368(total), 32709214208 (free), 1650524160 (used)
Max Memory occupied by tensors: 110390784
Max Memory Cached: 113246208
Current Memory occupied by tensors: 49632256
Current Memory cached occupied by tensors: 113246208




0 - after model prediction / generate meshes in parallel
Device 0: b'Tesla V100-SXM2-32GB', Memory : (95.18% free): 34359738368(total), 32705019904 (free), 1654718464 (used)
Max Memory occupied by tensors: 9599040512
Max Memory Cached: 10722738176
Current Memory occupied by tensors: 71394304
Current Memory cached occupied by tensors: 96468992




0 - timer statistics to disk
Device 0: b'Tesla V100-SXM2-32GB', Memory : (95.18% free): 34359738368(total), 32705019904 (free), 1654718464 (used)
Max Memory occupied by tensors: 9599040512
Max Memory Cached: 10722738176
Current Memory occupied by tensors: 71394304
Current Memory cached occupied by tensors: 96468992




[2023-03-15 19:21:42,975][__main__][INFO] - Timer summary:
[2023-03-15 19:21:42,976][__main__][INFO] - 	ReadData => 3.5761 secs
[2023-03-15 19:21:42,976][__main__][INFO] - 	ModelSetup => 0.1437 secs
[2023-03-15 19:21:42,976][__main__][INFO] - 	ModelLoadWeights => 0.0869 secs
[2023-03-15 19:21:42,976][__main__][INFO] - 	ImplicitSurfacePrediction => 33.4552 secs
[2023-03-15 19:21:42,976][__main__][INFO] - 	MeshExtraction => 39.8356 secs
[2023-03-15 19:21:42,976][__main__][INFO] - 	Total => 77.1234 secs
[2023-03-15 19:21:42,976][__main__][INFO] - 	PostProcessingImplicictSurface => 2.9386 secs
[2023-03-15 19:21:42,976][__main__][INFO] - 	lh_pial_ImplicictSurfaceSmooth => 0.1662 secs
[2023-03-15 19:21:42,976][__main__][INFO] - 	lh_pial_TopologyFix => 32.5534 secs
[2023-03-15 19:21:42,976][__main__][INFO] - 	lh_pial_IsoSurfaceExtraction => 0.1880 secs
[2023-03-15 19:21:42,976][__main__][INFO] - 	lh_white_ImplicictSurfaceSmooth => 0.1321 secs
[2023-03-15 19:21:42,976][__main__][INFO] - 	lh_white_TopologyFix => 28.7109 secs
[2023-03-15 19:21:42,976][__main__][INFO] - 	lh_white_IsoSurfaceExtraction => 0.2087 secs
[2023-03-15 19:21:42,977][__main__][INFO] - 	rh_pial_ImplicictSurfaceSmooth => 0.1312 secs
[2023-03-15 19:21:42,977][__main__][INFO] - 	rh_pial_TopologyFix => 31.5219 secs
[2023-03-15 19:21:42,977][__main__][INFO] - 	rh_pial_IsoSurfaceExtraction => 0.1987 secs
[2023-03-15 19:21:42,977][__main__][INFO] - 	rh_white_ImplicictSurfaceSmooth => 0.1395 secs
[2023-03-15 19:21:42,977][__main__][INFO] - 	rh_white_TopologyFix => 29.0028 secs
[2023-03-15 19:21:42,977][__main__][INFO] - 	rh_white_IsoSurfaceExtraction => 0.1968 secs
[2023-03-15 19:21:42,978][__main__][INFO] - Total Surface prediction finished in 77.1234 seconds
[2023-03-15 19:21:43,811][__main__][INFO] - fixing topology of surface with nighres toolbox...

Topology Correction
[2023-03-15 19:21:44,192][__main__][INFO] - fixing topology of surface with nighres toolbox...

Topology Correction
[2023-03-15 19:21:44,318][__main__][INFO] - fixing topology of surface with nighres toolbox...

Topology Correction
[2023-03-15 19:21:44,536][__main__][INFO] - fixing topology of surface with nighres toolbox...

Topology Correction
Opening LUT: java.io.FileInputStream@533ddba
Opening LUT: java.io.FileInputStream@533ddba
Simple points: 2537750
intialize from min levelset
initialization
fast marching correction (levelsets)
init
Opening LUT: java.io.FileInputStream@533ddba
Opening LUT: java.io.FileInputStream@533ddba
Simple points: 2537750
intialize from bounding box
initialization
fast marching correction (levelsets)
Simple points: 2537750
intialize from min levelset
initialization
fast marching correction (levelsets)
init
Simple points: 2537750
init
intialize from bounding box
initialization
fast marching correction (levelsets)
init
[2023-03-15 19:21:47,047][__main__][INFO] - predicted 9/17 batches of query points in 18.4298 secs
[2023-03-15 19:21:58,980][__main__][INFO] - Implicit surface prediction of shape (256, 256, 256, 4) computed in 30.3503 secs
[2023-03-15 19:21:58,982][__main__][INFO] - extracting meshes...
[2023-03-15 19:21:59,448][__main__][INFO] - Post-processing predicted implicit surface representation for surface lh_pial ...
[2023-03-15 19:21:59,688][__main__][INFO] - Post-processing predicted implicit surface representation for surface lh_white ...
[2023-03-15 19:21:59,933][__main__][INFO] - Post-processing predicted implicit surface representation for surface rh_pial ...
[2023-03-15 19:21:59,998][__main__][INFO] - predicted 9/17 batches of query points in 18.9891 secs
[2023-03-15 19:22:00,190][__main__][INFO] - Post-processing predicted implicit surface representation for surface rh_white ...
[2023-03-15 19:22:01,936][__main__][INFO] - Post-processed predicted implicit surface representation for surface lh_pial has (133, 220, 190) voxels and was computed in 2.4882 secs
[2023-03-15 19:22:01,938][__main__][INFO] - Smoothing predicted implicit surface representation for surface lh_pial with Gaussian kernel radius of 1.0...
[2023-03-15 19:22:02,060][__main__][INFO] - Smoothed predicted implicit surface for lh_pial in 0.1221 secs
[2023-03-15 19:22:02,419][__main__][INFO] - Post-processed predicted implicit surface representation for surface lh_white has (124, 216, 176) voxels and was computed in 2.7305 secs
[2023-03-15 19:22:02,420][__main__][INFO] - Smoothing predicted implicit surface representation for surface lh_white with Gaussian kernel radius of 1.0...
[2023-03-15 19:22:02,472][__main__][INFO] - Post-processed predicted implicit surface representation for surface rh_pial has (126, 220, 196) voxels and was computed in 2.5387 secs
[2023-03-15 19:22:02,473][__main__][INFO] - Smoothing predicted implicit surface representation for surface rh_pial with Gaussian kernel radius of 1.0...
[2023-03-15 19:22:02,521][__main__][INFO] - Smoothed predicted implicit surface for lh_white in 0.1000 secs
[2023-03-15 19:22:02,587][__main__][INFO] - Smoothed predicted implicit surface for rh_pial in 0.1137 secs
[2023-03-15 19:22:02,713][__main__][INFO] - Post-processed predicted implicit surface representation for surface rh_white has (120, 213, 184) voxels and was computed in 2.5221 secs
[2023-03-15 19:22:02,714][__main__][INFO] - Smoothing predicted implicit surface representation for surface rh_white with Gaussian kernel radius of 1.0...
[2023-03-15 19:22:02,834][__main__][INFO] - Smoothed predicted implicit surface for rh_white in 0.1197 secs
[2023-03-15 19:22:04,385][__main__][INFO] - fixing topology of surface with nighres toolbox...

Topology Correction
[2023-03-15 19:22:04,800][__main__][INFO] - fixing topology of surface with nighres toolbox...

Topology Correction
[2023-03-15 19:22:04,823][__main__][INFO] - fixing topology of surface with nighres toolbox...

Topology Correction
[2023-03-15 19:22:05,083][__main__][INFO] - fixing topology of surface with nighres toolbox...

Topology Correction
Opening LUT: java.io.FileInputStream@533ddba
Opening LUT: java.io.FileInputStream@533ddba
Simple points: 2537750
Opening LUT: java.io.FileInputStream@533ddba
intialize from min levelset
initialization
fast marching correction (levelsets)
init
Opening LUT: java.io.FileInputStream@533ddba
Simple points: 2537750
intialize from bounding box
Simple points: 2537750
initialization
fast marching correction (levelsets)
intialize from min levelset
initialization
fast marching correction (levelsets)
init
Simple points: 2537750
intialize from bounding box
initialization
fast marching correction (levelsets)
init
init
done
done
[2023-03-15 19:22:09,524][__main__][INFO] - Fixed topology of surface rh_white using nighres in 24.9885 secs
[2023-03-15 19:22:09,525][__main__][INFO] - extracting 0.0 iso-surface of surface rh_white...
[2023-03-15 19:22:09,526][__main__][INFO] - Fixed topology of surface lh_white using nighres in 25.3335 secs
[2023-03-15 19:22:09,526][__main__][INFO] - extracting 0.0 iso-surface of surface lh_white...
[2023-03-15 19:22:09,997][__main__][INFO] - Surface rh_white extracted in 0.1953 secs and saved to /data/users2/washbee/speedrun/outputdirs/deepcsr-output_dir-timing/checkpoints/predict_debug/201818_rh_white.stl
[2023-03-15 19:22:10,014][__main__][INFO] - Surface lh_white extracted in 0.1959 secs and saved to /data/users2/washbee/speedrun/outputdirs/deepcsr-output_dir-timing/checkpoints/predict_debug/201818_lh_white.stl
done
done
[2023-03-15 19:22:12,696][__main__][INFO] - Implicit surface prediction of shape (256, 256, 256, 4) computed in 31.6715 secs
[2023-03-15 19:22:12,698][__main__][INFO] - extracting meshes...
[2023-03-15 19:22:12,896][__main__][INFO] - Fixed topology of surface rh_pial using nighres in 28.5779 secs
[2023-03-15 19:22:12,896][__main__][INFO] - extracting 0.0 iso-surface of surface rh_pial...
[2023-03-15 19:22:13,143][__main__][INFO] - Post-processing predicted implicit surface representation for surface lh_pial ...
[2023-03-15 19:22:13,212][__main__][INFO] - Fixed topology of surface lh_pial using nighres in 29.4004 secs
[2023-03-15 19:22:13,212][__main__][INFO] - extracting 0.0 iso-surface of surface lh_pial...
[2023-03-15 19:22:13,251][__main__][INFO] - Surface rh_pial extracted in 0.2012 secs and saved to /data/users2/washbee/speedrun/outputdirs/deepcsr-output_dir-timing/checkpoints/predict_debug/201818_rh_pial.stl
[2023-03-15 19:22:13,402][__main__][INFO] - Post-processing predicted implicit surface representation for surface lh_white ...
[2023-03-15 19:22:13,591][__main__][INFO] - Surface lh_pial extracted in 0.2143 secs and saved to /data/users2/washbee/speedrun/outputdirs/deepcsr-output_dir-timing/checkpoints/predict_debug/201818_lh_pial.stl
[2023-03-15 19:22:13,661][__main__][INFO] - Post-processing predicted implicit surface representation for surface rh_pial ...
[2023-03-15 19:22:13,922][__main__][INFO] - Post-processing predicted implicit surface representation for surface rh_white ...
[2023-03-15 19:22:14,065][__main__][INFO] - Surfaces extracted in 35.7629 secs
0 - override config
Device 0: b'Tesla V100-SXM2-32GB', Memory : (99.21% free): 34359738368(total), 34089795584 (free), 269942784 (used)
Max Memory occupied by tensors: 0
Max Memory Cached: 0
Current Memory occupied by tensors: 0
Current Memory cached occupied by tensors: 0




0 - read MRI
Device 0: b'Tesla V100-SXM2-32GB', Memory : (99.20% free): 34359738368(total), 34085994496 (free), 273743872 (used)
Max Memory occupied by tensors: 0
Max Memory Cached: 0
Current Memory occupied by tensors: 0
Current Memory cached occupied by tensors: 0




0 - setup model
Device 0: b'Tesla V100-SXM2-32GB', Memory : (95.43% free): 34359738368(total), 32791003136 (free), 1568735232 (used)
Max Memory occupied by tensors: 29360640
Max Memory Cached: 31457280
Current Memory occupied by tensors: 29360640
Current Memory cached occupied by tensors: 31457280




0 - load model weights
Device 0: b'Tesla V100-SXM2-32GB', Memory : (95.33% free): 34359738368(total), 32755351552 (free), 1604386816 (used)
Max Memory occupied by tensors: 49632256
Max Memory Cached: 67108864
Current Memory occupied by tensors: 49632256
Current Memory cached occupied by tensors: 67108864




0 - generate grid of points at desired resolution
Device 0: b'Tesla V100-SXM2-32GB', Memory : (95.20% free): 34359738368(total), 32709214208 (free), 1650524160 (used)
Max Memory occupied by tensors: 110390784
Max Memory Cached: 113246208
Current Memory occupied by tensors: 49632256
Current Memory cached occupied by tensors: 113246208




0 - implicit surface prediction in batches and resuing computed features
Device 0: b'Tesla V100-SXM2-32GB', Memory : (95.20% free): 34359738368(total), 32709214208 (free), 1650524160 (used)
Max Memory occupied by tensors: 110390784
Max Memory Cached: 113246208
Current Memory occupied by tensors: 49632256
Current Memory cached occupied by tensors: 113246208




0 - after model prediction / generate meshes in parallel
Device 0: b'Tesla V100-SXM2-32GB', Memory : (95.18% free): 34359738368(total), 32705019904 (free), 1654718464 (used)
Max Memory occupied by tensors: 9599040512
Max Memory Cached: 10722738176
Current Memory occupied by tensors: 71394304
Current Memory cached occupied by tensors: 96468992




0 - timer statistics to disk
Device 0: b'Tesla V100-SXM2-32GB', Memory : (95.18% free): 34359738368(total), 32705019904 (free), 1654718464 (used)
Max Memory occupied by tensors: 9599040512
Max Memory Cached: 10722738176
Current Memory occupied by tensors: 71394304
Current Memory cached occupied by tensors: 96468992




[2023-03-15 19:22:14,066][__main__][INFO] - Timer summary:
[2023-03-15 19:22:14,067][__main__][INFO] - 	ReadData => 3.8044 secs
[2023-03-15 19:22:14,067][__main__][INFO] - 	ModelSetup => 0.1512 secs
[2023-03-15 19:22:14,067][__main__][INFO] - 	ModelLoadWeights => 0.1001 secs
[2023-03-15 19:22:14,067][__main__][INFO] - 	ImplicitSurfacePrediction => 32.7686 secs
[2023-03-15 19:22:14,067][__main__][INFO] - 	MeshExtraction => 35.7629 secs
[2023-03-15 19:22:14,068][__main__][INFO] - 	Total => 72.6094 secs
[2023-03-15 19:22:14,068][__main__][INFO] - 	PostProcessingImplicictSurface => 2.6382 secs
[2023-03-15 19:22:14,068][__main__][INFO] - 	lh_pial_ImplicictSurfaceSmooth => 0.1371 secs
[2023-03-15 19:22:14,068][__main__][INFO] - 	lh_pial_TopologyFix => 29.4004 secs
[2023-03-15 19:22:14,068][__main__][INFO] - 	lh_pial_IsoSurfaceExtraction => 0.2143 secs
[2023-03-15 19:22:14,068][__main__][INFO] - 	lh_white_ImplicictSurfaceSmooth => 0.1062 secs
[2023-03-15 19:22:14,068][__main__][INFO] - 	lh_white_TopologyFix => 25.3335 secs
[2023-03-15 19:22:14,068][__main__][INFO] - 	lh_white_IsoSurfaceExtraction => 0.1959 secs
[2023-03-15 19:22:14,068][__main__][INFO] - 	rh_pial_ImplicictSurfaceSmooth => 0.1282 secs
[2023-03-15 19:22:14,068][__main__][INFO] - 	rh_pial_TopologyFix => 28.5779 secs
[2023-03-15 19:22:14,068][__main__][INFO] - 	rh_pial_IsoSurfaceExtraction => 0.2012 secs
[2023-03-15 19:22:14,068][__main__][INFO] - 	rh_white_ImplicictSurfaceSmooth => 0.1369 secs
[2023-03-15 19:22:14,068][__main__][INFO] - 	rh_white_TopologyFix => 24.9885 secs
[2023-03-15 19:22:14,068][__main__][INFO] - 	rh_white_IsoSurfaceExtraction => 0.1953 secs
[2023-03-15 19:22:14,069][__main__][INFO] - Total Surface prediction finished in 72.6094 seconds
[2023-03-15 19:22:15,639][__main__][INFO] - Post-processed predicted implicit surface representation for surface lh_pial has (133, 220, 190) voxels and was computed in 2.4949 secs
[2023-03-15 19:22:15,641][__main__][INFO] - Smoothing predicted implicit surface representation for surface lh_pial with Gaussian kernel radius of 1.0...
[2023-03-15 19:22:15,757][__main__][INFO] - Smoothed predicted implicit surface for lh_pial in 0.1162 secs
[2023-03-15 19:22:16,120][__main__][INFO] - Post-processed predicted implicit surface representation for surface lh_white has (124, 216, 176) voxels and was computed in 2.7182 secs
[2023-03-15 19:22:16,122][__main__][INFO] - Smoothing predicted implicit surface representation for surface lh_white with Gaussian kernel radius of 1.0...
[2023-03-15 19:22:16,188][__main__][INFO] - Post-processed predicted implicit surface representation for surface rh_pial has (126, 220, 196) voxels and was computed in 2.5266 secs
[2023-03-15 19:22:16,190][__main__][INFO] - Smoothing predicted implicit surface representation for surface rh_pial with Gaussian kernel radius of 1.0...
[2023-03-15 19:22:16,234][__main__][INFO] - Smoothed predicted implicit surface for lh_white in 0.1122 secs
[2023-03-15 19:22:16,305][__main__][INFO] - Smoothed predicted implicit surface for rh_pial in 0.1151 secs
[2023-03-15 19:22:16,451][__main__][INFO] - Post-processed predicted implicit surface representation for surface rh_white has (120, 213, 184) voxels and was computed in 2.5279 secs
[2023-03-15 19:22:16,452][__main__][INFO] - Smoothing predicted implicit surface representation for surface rh_white with Gaussian kernel radius of 1.0...
[2023-03-15 19:22:16,574][__main__][INFO] - Smoothed predicted implicit surface for rh_white in 0.1218 secs
[2023-03-15 19:22:18,317][__main__][INFO] - fixing topology of surface with nighres toolbox...

Topology Correction
[2023-03-15 19:22:18,532][__main__][INFO] - fixing topology of surface with nighres toolbox...

Topology Correction
[2023-03-15 19:22:18,607][__main__][INFO] - fixing topology of surface with nighres toolbox...

Topology Correction
[2023-03-15 19:22:18,856][__main__][INFO] - fixing topology of surface with nighres toolbox...

Topology Correction
Opening LUT: java.io.FileInputStream@533ddba
Opening LUT: java.io.FileInputStream@533ddba
Opening LUT: java.io.FileInputStream@533ddba
Simple points: 2537750
intialize from min levelset
Opening LUT: java.io.FileInputStream@533ddba
initialization
fast marching correction (levelsets)
init
Simple points: 2537750
intialize from bounding box
initialization
fast marching correction (levelsets)
Simple points: 2537750
intialize from min levelset
initialization
fast marching correction (levelsets)
init
Simple points: 2537750
intialize from bounding box
initialization
init
fast marching correction (levelsets)
init
done
done
[2023-03-15 19:22:28,667][__main__][INFO] - Fixed topology of surface rh_white using nighres in 23.5835 secs
[2023-03-15 19:22:28,667][__main__][INFO] - extracting 0.0 iso-surface of surface rh_white...
[2023-03-15 19:22:29,106][__main__][INFO] - Surface rh_white extracted in 0.1966 secs and saved to /data/users2/washbee/speedrun/outputdirs/deepcsr-output_dir-timing/checkpoints/predict_debug/201818_rh_white.stl
[2023-03-15 19:22:29,211][__main__][INFO] - Fixed topology of surface lh_white using nighres in 24.4113 secs
[2023-03-15 19:22:29,212][__main__][INFO] - extracting 0.0 iso-surface of surface lh_white...
[2023-03-15 19:22:29,661][__main__][INFO] - Surface lh_white extracted in 0.1935 secs and saved to /data/users2/washbee/speedrun/outputdirs/deepcsr-output_dir-timing/checkpoints/predict_debug/201818_lh_white.stl
done
done
[2023-03-15 19:22:31,754][__main__][INFO] - Fixed topology of surface rh_pial using nighres in 26.9311 secs
[2023-03-15 19:22:31,755][__main__][INFO] - extracting 0.0 iso-surface of surface rh_pial...
[2023-03-15 19:22:32,115][__main__][INFO] - Surface rh_pial extracted in 0.2053 secs and saved to /data/users2/washbee/speedrun/outputdirs/deepcsr-output_dir-timing/checkpoints/predict_debug/201818_rh_pial.stl
[2023-03-15 19:22:32,557][__main__][INFO] - Fixed topology of surface lh_pial using nighres in 28.1712 secs
[2023-03-15 19:22:32,557][__main__][INFO] - extracting 0.0 iso-surface of surface lh_pial...
[2023-03-15 19:22:32,879][__main__][INFO] - Surface lh_pial extracted in 0.1843 secs and saved to /data/users2/washbee/speedrun/outputdirs/deepcsr-output_dir-timing/checkpoints/predict_debug/201818_lh_pial.stl
[2023-03-15 19:22:33,469][__main__][INFO] - Surfaces extracted in 34.4873 secs
0 - override config
Device 0: b'Tesla V100-SXM2-32GB', Memory : (99.21% free): 34359738368(total), 34089795584 (free), 269942784 (used)
Max Memory occupied by tensors: 0
Max Memory Cached: 0
Current Memory occupied by tensors: 0
Current Memory cached occupied by tensors: 0




0 - read MRI
Device 0: b'Tesla V100-SXM2-32GB', Memory : (99.20% free): 34359738368(total), 34085994496 (free), 273743872 (used)
Max Memory occupied by tensors: 0
Max Memory Cached: 0
Current Memory occupied by tensors: 0
Current Memory cached occupied by tensors: 0




0 - setup model
Device 0: b'Tesla V100-SXM2-32GB', Memory : (95.43% free): 34359738368(total), 32791003136 (free), 1568735232 (used)
Max Memory occupied by tensors: 29360640
Max Memory Cached: 31457280
Current Memory occupied by tensors: 29360640
Current Memory cached occupied by tensors: 31457280




0 - load model weights
Device 0: b'Tesla V100-SXM2-32GB', Memory : (95.33% free): 34359738368(total), 32755351552 (free), 1604386816 (used)
Max Memory occupied by tensors: 49632256
Max Memory Cached: 67108864
Current Memory occupied by tensors: 49632256
Current Memory cached occupied by tensors: 67108864




0 - generate grid of points at desired resolution
Device 0: b'Tesla V100-SXM2-32GB', Memory : (95.20% free): 34359738368(total), 32709214208 (free), 1650524160 (used)
Max Memory occupied by tensors: 110390784
Max Memory Cached: 113246208
Current Memory occupied by tensors: 49632256
Current Memory cached occupied by tensors: 113246208




0 - implicit surface prediction in batches and resuing computed features
Device 0: b'Tesla V100-SXM2-32GB', Memory : (95.20% free): 34359738368(total), 32709214208 (free), 1650524160 (used)
Max Memory occupied by tensors: 110390784
Max Memory Cached: 113246208
Current Memory occupied by tensors: 49632256
Current Memory cached occupied by tensors: 113246208




0 - after model prediction / generate meshes in parallel
Device 0: b'Tesla V100-SXM2-32GB', Memory : (95.18% free): 34359738368(total), 32705019904 (free), 1654718464 (used)
Max Memory occupied by tensors: 9599040512
Max Memory Cached: 10722738176
Current Memory occupied by tensors: 71394304
Current Memory cached occupied by tensors: 96468992




0 - timer statistics to disk
Device 0: b'Tesla V100-SXM2-32GB', Memory : (95.18% free): 34359738368(total), 32705019904 (free), 1654718464 (used)
Max Memory occupied by tensors: 9599040512
Max Memory Cached: 10722738176
Current Memory occupied by tensors: 71394304
Current Memory cached occupied by tensors: 96468992




[2023-03-15 19:22:33,470][__main__][INFO] - Timer summary:
[2023-03-15 19:22:33,472][__main__][INFO] - 	ReadData => 3.5650 secs
[2023-03-15 19:22:33,472][__main__][INFO] - 	ModelSetup => 0.1376 secs
[2023-03-15 19:22:33,472][__main__][INFO] - 	ModelLoadWeights => 0.0858 secs
[2023-03-15 19:22:33,472][__main__][INFO] - 	ImplicitSurfacePrediction => 30.3503 secs
[2023-03-15 19:22:33,472][__main__][INFO] - 	MeshExtraction => 34.4873 secs
[2023-03-15 19:22:33,472][__main__][INFO] - 	Total => 68.6474 secs
[2023-03-15 19:22:33,472][__main__][INFO] - 	PostProcessingImplicictSurface => 2.5221 secs
[2023-03-15 19:22:33,472][__main__][INFO] - 	lh_pial_ImplicictSurfaceSmooth => 0.1221 secs
[2023-03-15 19:22:33,472][__main__][INFO] - 	lh_pial_TopologyFix => 28.1712 secs
[2023-03-15 19:22:33,472][__main__][INFO] - 	lh_pial_IsoSurfaceExtraction => 0.1843 secs
[2023-03-15 19:22:33,472][__main__][INFO] - 	lh_white_ImplicictSurfaceSmooth => 0.1000 secs
[2023-03-15 19:22:33,472][__main__][INFO] - 	lh_white_TopologyFix => 24.4113 secs
[2023-03-15 19:22:33,472][__main__][INFO] - 	lh_white_IsoSurfaceExtraction => 0.1935 secs
[2023-03-15 19:22:33,472][__main__][INFO] - 	rh_pial_ImplicictSurfaceSmooth => 0.1137 secs
[2023-03-15 19:22:33,472][__main__][INFO] - 	rh_pial_TopologyFix => 26.9311 secs
[2023-03-15 19:22:33,472][__main__][INFO] - 	rh_pial_IsoSurfaceExtraction => 0.2053 secs
[2023-03-15 19:22:33,472][__main__][INFO] - 	rh_white_ImplicictSurfaceSmooth => 0.1197 secs
[2023-03-15 19:22:33,472][__main__][INFO] - 	rh_white_TopologyFix => 23.5835 secs
[2023-03-15 19:22:33,472][__main__][INFO] - 	rh_white_IsoSurfaceExtraction => 0.1966 secs
[2023-03-15 19:22:33,474][__main__][INFO] - Total Surface prediction finished in 68.6474 seconds
done
done
[2023-03-15 19:22:43,117][__main__][INFO] - Fixed topology of surface lh_white using nighres in 24.5839 secs
[2023-03-15 19:22:43,117][__main__][INFO] - extracting 0.0 iso-surface of surface lh_white...
[2023-03-15 19:22:43,197][__main__][INFO] - Fixed topology of surface rh_white using nighres in 24.3404 secs
[2023-03-15 19:22:43,197][__main__][INFO] - extracting 0.0 iso-surface of surface rh_white...
[2023-03-15 19:22:43,559][__main__][INFO] - Surface lh_white extracted in 0.1922 secs and saved to /data/users2/washbee/speedrun/outputdirs/deepcsr-output_dir-timing/checkpoints/predict_debug/201818_lh_white.stl
[2023-03-15 19:22:43,685][__main__][INFO] - Surface rh_white extracted in 0.1939 secs and saved to /data/users2/washbee/speedrun/outputdirs/deepcsr-output_dir-timing/checkpoints/predict_debug/201818_rh_white.stl
done
done
[2023-03-15 19:22:46,173][__main__][INFO] - Fixed topology of surface rh_pial using nighres in 27.5659 secs
[2023-03-15 19:22:46,174][__main__][INFO] - extracting 0.0 iso-surface of surface rh_pial...
[2023-03-15 19:22:46,520][__main__][INFO] - Surface rh_pial extracted in 0.1891 secs and saved to /data/users2/washbee/speedrun/outputdirs/deepcsr-output_dir-timing/checkpoints/predict_debug/201818_rh_pial.stl
[2023-03-15 19:22:46,689][__main__][INFO] - Fixed topology of surface lh_pial using nighres in 28.3720 secs
[2023-03-15 19:22:46,690][__main__][INFO] - extracting 0.0 iso-surface of surface lh_pial...
[2023-03-15 19:22:47,557][__main__][INFO] - Surface lh_pial extracted in 0.1750 secs and saved to /data/users2/washbee/speedrun/outputdirs/deepcsr-output_dir-timing/checkpoints/predict_debug/201818_lh_pial.stl
[2023-03-15 19:22:48,131][__main__][INFO] - Surfaces extracted in 35.4328 secs
0 - override config
Device 0: b'Tesla V100-SXM2-32GB', Memory : (99.21% free): 34359738368(total), 34089795584 (free), 269942784 (used)
Max Memory occupied by tensors: 0
Max Memory Cached: 0
Current Memory occupied by tensors: 0
Current Memory cached occupied by tensors: 0




0 - read MRI
Device 0: b'Tesla V100-SXM2-32GB', Memory : (99.20% free): 34359738368(total), 34085994496 (free), 273743872 (used)
Max Memory occupied by tensors: 0
Max Memory Cached: 0
Current Memory occupied by tensors: 0
Current Memory cached occupied by tensors: 0




0 - setup model
Device 0: b'Tesla V100-SXM2-32GB', Memory : (95.43% free): 34359738368(total), 32791003136 (free), 1568735232 (used)
Max Memory occupied by tensors: 29360640
Max Memory Cached: 31457280
Current Memory occupied by tensors: 29360640
Current Memory cached occupied by tensors: 31457280




0 - load model weights
Device 0: b'Tesla V100-SXM2-32GB', Memory : (95.33% free): 34359738368(total), 32755351552 (free), 1604386816 (used)
Max Memory occupied by tensors: 49632256
Max Memory Cached: 67108864
Current Memory occupied by tensors: 49632256
Current Memory cached occupied by tensors: 67108864




0 - generate grid of points at desired resolution
Device 0: b'Tesla V100-SXM2-32GB', Memory : (95.20% free): 34359738368(total), 32709214208 (free), 1650524160 (used)
Max Memory occupied by tensors: 110390784
Max Memory Cached: 113246208
Current Memory occupied by tensors: 49632256
Current Memory cached occupied by tensors: 113246208




0 - implicit surface prediction in batches and resuing computed features
Device 0: b'Tesla V100-SXM2-32GB', Memory : (95.20% free): 34359738368(total), 32709214208 (free), 1650524160 (used)
Max Memory occupied by tensors: 110390784
Max Memory Cached: 113246208
Current Memory occupied by tensors: 49632256
Current Memory cached occupied by tensors: 113246208




0 - after model prediction / generate meshes in parallel
Device 0: b'Tesla V100-SXM2-32GB', Memory : (95.18% free): 34359738368(total), 32705019904 (free), 1654718464 (used)
Max Memory occupied by tensors: 9599040512
Max Memory Cached: 10722738176
Current Memory occupied by tensors: 71394304
Current Memory cached occupied by tensors: 96468992




0 - timer statistics to disk
Device 0: b'Tesla V100-SXM2-32GB', Memory : (95.18% free): 34359738368(total), 32705019904 (free), 1654718464 (used)
Max Memory occupied by tensors: 9599040512
Max Memory Cached: 10722738176
Current Memory occupied by tensors: 71394304
Current Memory cached occupied by tensors: 96468992




[2023-03-15 19:22:48,132][__main__][INFO] - Timer summary:
[2023-03-15 19:22:48,133][__main__][INFO] - 	ReadData => 3.1272 secs
[2023-03-15 19:22:48,134][__main__][INFO] - 	ModelSetup => 0.1362 secs
[2023-03-15 19:22:48,134][__main__][INFO] - 	ModelLoadWeights => 0.0846 secs
[2023-03-15 19:22:48,134][__main__][INFO] - 	ImplicitSurfacePrediction => 31.6715 secs
[2023-03-15 19:22:48,134][__main__][INFO] - 	MeshExtraction => 35.4328 secs
[2023-03-15 19:22:48,134][__main__][INFO] - 	Total => 70.4772 secs
[2023-03-15 19:22:48,134][__main__][INFO] - 	PostProcessingImplicictSurface => 2.5279 secs
[2023-03-15 19:22:48,134][__main__][INFO] - 	lh_pial_ImplicictSurfaceSmooth => 0.1162 secs
[2023-03-15 19:22:48,134][__main__][INFO] - 	lh_pial_TopologyFix => 28.3720 secs
[2023-03-15 19:22:48,134][__main__][INFO] - 	lh_pial_IsoSurfaceExtraction => 0.1750 secs
[2023-03-15 19:22:48,134][__main__][INFO] - 	lh_white_ImplicictSurfaceSmooth => 0.1122 secs
[2023-03-15 19:22:48,134][__main__][INFO] - 	lh_white_TopologyFix => 24.5839 secs
[2023-03-15 19:22:48,134][__main__][INFO] - 	lh_white_IsoSurfaceExtraction => 0.1922 secs
[2023-03-15 19:22:48,134][__main__][INFO] - 	rh_pial_ImplicictSurfaceSmooth => 0.1151 secs
[2023-03-15 19:22:48,134][__main__][INFO] - 	rh_pial_TopologyFix => 27.5659 secs
[2023-03-15 19:22:48,134][__main__][INFO] - 	rh_pial_IsoSurfaceExtraction => 0.1891 secs
[2023-03-15 19:22:48,134][__main__][INFO] - 	rh_white_ImplicictSurfaceSmooth => 0.1218 secs
[2023-03-15 19:22:48,134][__main__][INFO] - 	rh_white_TopologyFix => 24.3404 secs
[2023-03-15 19:22:48,134][__main__][INFO] - 	rh_white_IsoSurfaceExtraction => 0.1939 secs
[2023-03-15 19:22:48,136][__main__][INFO] - Total Surface prediction finished in 70.4772 seconds
