array is read
[2023-03-28 14:48:00,363][__main__][INFO] - Predicting surfaces with DeepCSR
Config:
user_config: null
inputs:
  mri_id: 287248
  mri_vol_path: /data/users2/washbee/speedrun/deepcsr-preprocessed/287248/mri.nii.gz
  model_checkpoint: /data/users2/washbee/speedrun/outputdirs/deepcsr-output_dir/best_model.pth
  model_surfaces:
  - lh_pial
  - lh_white
  - rh_pial
  - rh_white
generator:
  bbox_size:
  - 192.0
  - 228.0
  - 192.0
  resolution: 256
  points_batch_size: 1000000
  isrpr_vol_post_process: true
  isrpr_vol_smooth: 1.0
  fix_topology: true
  iso_surface_level: 0.0
model:
  hypercol: true
  device: cuda:0
outputs:
  output_dir: /data/users2/washbee/speedrun/outputdirs/deepcsr-output_dir-timing/checkpoints/test-set/
  save_all: false

[2023-03-28 14:48:03,704][__main__][INFO] - MRI /data/users2/washbee/speedrun/deepcsr-preprocessed/287248/mri.nii.gz read with torch.Size([1, 182, 218, 182]) dimensions in 3.3403 secs

*********before loading model
 
Device 0: b'NVIDIA GeForce RTX 2080 Ti', Memory : (88.57% free): 11811160064(total), 10461446144 (free), 1349713920 (used)
Max Memory occupied by tensors: 29360640
Max Memory Cached: 31457280
Current Memory occupied by tensors: 29360640
Current Memory cached occupied by tensors: 31457280


*********after loading model
 
Device 0: b'NVIDIA GeForce RTX 2080 Ti', Memory : (88.27% free): 11811160064(total), 10425794560 (free), 1385365504 (used)
Max Memory occupied by tensors: 49632256
Max Memory Cached: 67108864
Current Memory occupied by tensors: 49632256
Current Memory cached occupied by tensors: 67108864

[2023-03-28 14:48:03,790][__main__][INFO] - 0.0838 secs for DeepCSR model setup:
DeepCSRNetwork(
  (encoder): HypercolumnNetwork(
    (max_pool): MaxPool3d(kernel_size=3, stride=2, padding=1, dilation=1, ceil_mode=False)
    (conv_in): Conv3d(1, 8, kernel_size=(3, 3, 3), stride=(1, 1, 1), padding=(1, 1, 1))
    (conv_0): Conv3d(8, 16, kernel_size=(3, 3, 3), stride=(2, 2, 2), padding=(1, 1, 1))
    (conv_1): Conv3d(16, 32, kernel_size=(3, 3, 3), stride=(2, 2, 2), padding=(1, 1, 1))
    (conv_2): Conv3d(32, 64, kernel_size=(3, 3, 3), stride=(2, 2, 2), padding=(1, 1, 1))
    (conv_3): Conv3d(64, 128, kernel_size=(3, 3, 3), stride=(2, 2, 2), padding=(1, 1, 1))
    (fc): Linear(in_features=4608, out_features=264, bias=True)
    (point_pool): PointPooling()
  )
  (decoder): OCCNetDecoder(
    (fc_p): Conv1d(3, 256, kernel_size=(1,), stride=(1,))
    (block0): CResnetBlockConv1d(
      (bn_0): CBatchNorm1d(
        (conv_gamma): Conv1d(512, 256, kernel_size=(1,), stride=(1,))
        (conv_beta): Conv1d(512, 256, kernel_size=(1,), stride=(1,))
        (bn): BatchNorm1d(256, eps=1e-05, momentum=0.1, affine=False, track_running_stats=True)
      )
      (bn_1): CBatchNorm1d(
        (conv_gamma): Conv1d(512, 256, kernel_size=(1,), stride=(1,))
        (conv_beta): Conv1d(512, 256, kernel_size=(1,), stride=(1,))
        (bn): BatchNorm1d(256, eps=1e-05, momentum=0.1, affine=False, track_running_stats=True)
      )
      (fc_0): Conv1d(256, 256, kernel_size=(1,), stride=(1,))
      (fc_1): Conv1d(256, 256, kernel_size=(1,), stride=(1,))
      (actvn): ReLU()
    )
    (block1): CResnetBlockConv1d(
      (bn_0): CBatchNorm1d(
        (conv_gamma): Conv1d(512, 256, kernel_size=(1,), stride=(1,))
        (conv_beta): Conv1d(512, 256, kernel_size=(1,), stride=(1,))
        (bn): BatchNorm1d(256, eps=1e-05, momentum=0.1, affine=False, track_running_stats=True)
      )
      (bn_1): CBatchNorm1d(
        (conv_gamma): Conv1d(512, 256, kernel_size=(1,), stride=(1,))
        (conv_beta): Conv1d(512, 256, kernel_size=(1,), stride=(1,))
        (bn): BatchNorm1d(256, eps=1e-05, momentum=0.1, affine=False, track_running_stats=True)
      )
      (fc_0): Conv1d(256, 256, kernel_size=(1,), stride=(1,))
      (fc_1): Conv1d(256, 256, kernel_size=(1,), stride=(1,))
      (actvn): ReLU()
    )
    (block2): CResnetBlockConv1d(
      (bn_0): CBatchNorm1d(
        (conv_gamma): Conv1d(512, 256, kernel_size=(1,), stride=(1,))
        (conv_beta): Conv1d(512, 256, kernel_size=(1,), stride=(1,))
        (bn): BatchNorm1d(256, eps=1e-05, momentum=0.1, affine=False, track_running_stats=True)
      )
      (bn_1): CBatchNorm1d(
        (conv_gamma): Conv1d(512, 256, kernel_size=(1,), stride=(1,))
        (conv_beta): Conv1d(512, 256, kernel_size=(1,), stride=(1,))
        (bn): BatchNorm1d(256, eps=1e-05, momentum=0.1, affine=False, track_running_stats=True)
      )
      (fc_0): Conv1d(256, 256, kernel_size=(1,), stride=(1,))
      (fc_1): Conv1d(256, 256, kernel_size=(1,), stride=(1,))
      (actvn): ReLU()
    )
    (block3): CResnetBlockConv1d(
      (bn_0): CBatchNorm1d(
        (conv_gamma): Conv1d(512, 256, kernel_size=(1,), stride=(1,))
        (conv_beta): Conv1d(512, 256, kernel_size=(1,), stride=(1,))
        (bn): BatchNorm1d(256, eps=1e-05, momentum=0.1, affine=False, track_running_stats=True)
      )
      (bn_1): CBatchNorm1d(
        (conv_gamma): Conv1d(512, 256, kernel_size=(1,), stride=(1,))
        (conv_beta): Conv1d(512, 256, kernel_size=(1,), stride=(1,))
        (bn): BatchNorm1d(256, eps=1e-05, momentum=0.1, affine=False, track_running_stats=True)
      )
      (fc_0): Conv1d(256, 256, kernel_size=(1,), stride=(1,))
      (fc_1): Conv1d(256, 256, kernel_size=(1,), stride=(1,))
      (actvn): ReLU()
    )
    (block4): CResnetBlockConv1d(
      (bn_0): CBatchNorm1d(
        (conv_gamma): Conv1d(512, 256, kernel_size=(1,), stride=(1,))
        (conv_beta): Conv1d(512, 256, kernel_size=(1,), stride=(1,))
        (bn): BatchNorm1d(256, eps=1e-05, momentum=0.1, affine=False, track_running_stats=True)
      )
      (bn_1): CBatchNorm1d(
        (conv_gamma): Conv1d(512, 256, kernel_size=(1,), stride=(1,))
        (conv_beta): Conv1d(512, 256, kernel_size=(1,), stride=(1,))
        (bn): BatchNorm1d(256, eps=1e-05, momentum=0.1, affine=False, track_running_stats=True)
      )
      (fc_0): Conv1d(256, 256, kernel_size=(1,), stride=(1,))
      (fc_1): Conv1d(256, 256, kernel_size=(1,), stride=(1,))
      (actvn): ReLU()
    )
    (bn): CBatchNorm1d(
      (conv_gamma): Conv1d(512, 256, kernel_size=(1,), stride=(1,))
      (conv_beta): Conv1d(512, 256, kernel_size=(1,), stride=(1,))
      (bn): BatchNorm1d(256, eps=1e-05, momentum=0.1, affine=False, track_running_stats=True)
    )
    (fc_out): Conv1d(256, 4, kernel_size=(1,), stride=(1,))
  )
)
[2023-03-28 14:48:03,791][__main__][INFO] - Total number of parameters: 5060188
[2023-03-28 14:48:03,927][__main__][INFO] - Model weights at iteration 42000 and validation loss 2378.6959 loaded from /data/users2/washbee/speedrun/outputdirs/deepcsr-output_dir/best_model.pth in 0.1349 secs





model size: 19.325MB





[2023-03-28 14:48:03,929][__main__][INFO] - predicting implicit surfaces ...
[2023-03-28 14:48:04,133][__main__][INFO] - 16777216 query points generated to predict implicit surfaces
[2023-03-28 14:48:28,973][__main__][INFO] - predicted 9/17 batches of query points in 25.0435 secs
[2023-03-28 14:48:45,803][__main__][INFO] - Implicit surface prediction of shape (256, 256, 256, 4) computed in 41.8443 secs
[2023-03-28 14:48:45,805][__main__][INFO] - extracting meshes...
[2023-03-28 14:48:46,204][__main__][INFO] - Post-processing predicted implicit surface representation for surface lh_pial ...
[2023-03-28 14:48:46,455][__main__][INFO] - Post-processing predicted implicit surface representation for surface lh_white ...
[2023-03-28 14:48:46,767][__main__][INFO] - Post-processing predicted implicit surface representation for surface rh_pial ...
[2023-03-28 14:48:47,015][__main__][INFO] - Post-processing predicted implicit surface representation for surface rh_white ...
[2023-03-28 14:48:49,432][__main__][INFO] - Post-processed predicted implicit surface representation for surface lh_pial has (126, 221, 189) voxels and was computed in 3.2277 secs
[2023-03-28 14:48:49,435][__main__][INFO] - Smoothing predicted implicit surface representation for surface lh_pial with Gaussian kernel radius of 1.0...
[2023-03-28 14:48:49,806][__main__][INFO] - Post-processed predicted implicit surface representation for surface lh_white has (117, 217, 177) voxels and was computed in 3.3513 secs
[2023-03-28 14:48:49,808][__main__][INFO] - Smoothing predicted implicit surface representation for surface lh_white with Gaussian kernel radius of 1.0...
[2023-03-28 14:48:49,928][__main__][INFO] - Smoothed predicted implicit surface for lh_pial in 0.4929 secs
[2023-03-28 14:48:50,036][__main__][INFO] - Post-processed predicted implicit surface representation for surface rh_pial has (123, 221, 192) voxels and was computed in 3.2684 secs
[2023-03-28 14:48:50,037][__main__][INFO] - Smoothing predicted implicit surface representation for surface rh_pial with Gaussian kernel radius of 1.0...
[2023-03-28 14:48:50,161][__main__][INFO] - Post-processed predicted implicit surface representation for surface rh_white has (118, 217, 180) voxels and was computed in 3.1466 secs
[2023-03-28 14:48:50,163][__main__][INFO] - Smoothing predicted implicit surface representation for surface rh_white with Gaussian kernel radius of 1.0...
[2023-03-28 14:48:50,334][__main__][INFO] - Smoothed predicted implicit surface for lh_white in 0.5264 secs
[2023-03-28 14:48:50,581][__main__][INFO] - Smoothed predicted implicit surface for rh_pial in 0.5441 secs
[2023-03-28 14:48:50,678][__main__][INFO] - Smoothed predicted implicit surface for rh_white in 0.5146 secs
[2023-03-28 14:48:55,190][__main__][INFO] - fixing topology of surface with nighres toolbox...
[2023-03-28 14:48:55,190][__main__][INFO] - fixing topology of surface with nighres toolbox...
[2023-03-28 14:48:55,190][__main__][INFO] - fixing topology of surface with nighres toolbox...
[2023-03-28 14:48:55,190][__main__][INFO] - fixing topology of surface with nighres toolbox...

Topology Correction
Topology Correction
Topology Correction
Topology Correction



Opening LUT: java.io.FileInputStream@533ddbaOpening LUT: java.io.FileInputStream@533ddba

Opening LUT: java.io.FileInputStream@533ddba
Opening LUT: java.io.FileInputStream@533ddba
Simple points: 2537750
Simple points: 2537750
intialize from bounding box
intialize from bounding box
Simple points: 2537750
initialization
intialize from min levelset
initialization
fast marching correction (levelsets)
Simple points: 2537750
fast marching correction (levelsets)
initialization
intialize from min levelset
fast marching correction (levelsets)
initialization
fast marching correction (levelsets)
init
init
init
init
done
done
[2023-03-28 14:49:34,072][__main__][INFO] - Fixed topology of surface lh_white using nighres in 38.8821 secs
[2023-03-28 14:49:34,074][__main__][INFO] - extracting 0.0 iso-surface of surface lh_white...
[2023-03-28 14:49:34,388][__main__][INFO] - Fixed topology of surface rh_white using nighres in 39.1973 secs
[2023-03-28 14:49:34,389][__main__][INFO] - extracting 0.0 iso-surface of surface rh_white...
[2023-03-28 14:49:34,581][__main__][INFO] - Surface lh_white extracted in 0.2435 secs and saved to /data/users2/washbee/speedrun/outputdirs/deepcsr-output_dir-timing/checkpoints/test-set/287248_lh_white.stl
[2023-03-28 14:49:34,958][__main__][INFO] - Surface rh_white extracted in 0.3321 secs and saved to /data/users2/washbee/speedrun/outputdirs/deepcsr-output_dir-timing/checkpoints/test-set/287248_rh_white.stl
done
done
[2023-03-28 14:49:39,266][__main__][INFO] - Fixed topology of surface lh_pial using nighres in 44.0755 secs
[2023-03-28 14:49:39,267][__main__][INFO] - extracting 0.0 iso-surface of surface lh_pial...
[2023-03-28 14:49:39,662][__main__][INFO] - Surface lh_pial extracted in 0.2349 secs and saved to /data/users2/washbee/speedrun/outputdirs/deepcsr-output_dir-timing/checkpoints/test-set/287248_lh_pial.stl
[2023-03-28 14:49:39,722][__main__][INFO] - Fixed topology of surface rh_pial using nighres in 44.5315 secs
[2023-03-28 14:49:39,723][__main__][INFO] - extracting 0.0 iso-surface of surface rh_pial...
[2023-03-28 14:49:40,104][__main__][INFO] - Surface rh_pial extracted in 0.2288 secs and saved to /data/users2/washbee/speedrun/outputdirs/deepcsr-output_dir-timing/checkpoints/test-set/287248_rh_pial.stl
[2023-03-28 14:49:40,544][__main__][INFO] - Surfaces extracted in 54.7385 secs
0 - override config
Device 0: b'NVIDIA GeForce RTX 2080 Ti', Memory : (97.78% free): 11811160064(total), 11548622848 (free), 262537216 (used)
Max Memory occupied by tensors: 0
Max Memory Cached: 0
Current Memory occupied by tensors: 0
Current Memory cached occupied by tensors: 0




0 - read MRI
Device 0: b'NVIDIA GeForce RTX 2080 Ti', Memory : (97.75% free): 11811160064(total), 11545673728 (free), 265486336 (used)
Max Memory occupied by tensors: 0
Max Memory Cached: 0
Current Memory occupied by tensors: 0
Current Memory cached occupied by tensors: 0




0 - setup model
Device 0: b'NVIDIA GeForce RTX 2080 Ti', Memory : (88.57% free): 11811160064(total), 10461446144 (free), 1349713920 (used)
Max Memory occupied by tensors: 29360640
Max Memory Cached: 31457280
Current Memory occupied by tensors: 29360640
Current Memory cached occupied by tensors: 31457280




0 - load model weights
Device 0: b'NVIDIA GeForce RTX 2080 Ti', Memory : (88.27% free): 11811160064(total), 10425794560 (free), 1385365504 (used)
Max Memory occupied by tensors: 49632256
Max Memory Cached: 67108864
Current Memory occupied by tensors: 49632256
Current Memory cached occupied by tensors: 67108864




0 - generate grid of points at desired resolution
Device 0: b'NVIDIA GeForce RTX 2080 Ti', Memory : (87.88% free): 11811160064(total), 10379657216 (free), 1431502848 (used)
Max Memory occupied by tensors: 110390784
Max Memory Cached: 113246208
Current Memory occupied by tensors: 49632256
Current Memory cached occupied by tensors: 113246208




0 - implicit surface prediction in batches and resuing computed features
Device 0: b'NVIDIA GeForce RTX 2080 Ti', Memory : (87.88% free): 11811160064(total), 10379657216 (free), 1431502848 (used)
Max Memory occupied by tensors: 110390784
Max Memory Cached: 113246208
Current Memory occupied by tensors: 49632256
Current Memory cached occupied by tensors: 113246208




0 - after model prediction / generate meshes in parallel
Device 0: b'NVIDIA GeForce RTX 2080 Ti', Memory : (86.73% free): 11811160064(total), 10243342336 (free), 1567817728 (used)
Max Memory occupied by tensors: 9599518720
Max Memory Cached: 9720299520
Current Memory occupied by tensors: 71394304
Current Memory cached occupied by tensors: 228589568




0 - timer statistics to disk
Device 0: b'NVIDIA GeForce RTX 2080 Ti', Memory : (86.73% free): 11811160064(total), 10243342336 (free), 1567817728 (used)
Max Memory occupied by tensors: 9599518720
Max Memory Cached: 9720299520
Current Memory occupied by tensors: 71394304
Current Memory cached occupied by tensors: 228589568




[2023-03-28 14:49:40,545][__main__][INFO] - Timer summary:
[2023-03-28 14:49:40,546][__main__][INFO] - 	ReadData => 3.3403 secs
[2023-03-28 14:49:40,546][__main__][INFO] - 	ModelSetup => 0.0838 secs
[2023-03-28 14:49:40,546][__main__][INFO] - 	ModelLoadWeights => 0.1349 secs
[2023-03-28 14:49:40,546][__main__][INFO] - 	ImplicitSurfacePrediction => 41.8443 secs
[2023-03-28 14:49:40,546][__main__][INFO] - 	MeshExtraction => 54.7385 secs
[2023-03-28 14:49:40,546][__main__][INFO] - 	Total => 100.1820 secs
[2023-03-28 14:49:40,546][__main__][INFO] - 	PostProcessingImplicictSurface => 3.1466 secs
[2023-03-28 14:49:40,546][__main__][INFO] - 	lh_pial_ImplicictSurfaceSmooth => 0.4929 secs
[2023-03-28 14:49:40,546][__main__][INFO] - 	lh_pial_TopologyFix => 44.0755 secs
[2023-03-28 14:49:40,546][__main__][INFO] - 	lh_pial_IsoSurfaceExtraction => 0.2349 secs
[2023-03-28 14:49:40,546][__main__][INFO] - 	lh_white_ImplicictSurfaceSmooth => 0.5264 secs
[2023-03-28 14:49:40,546][__main__][INFO] - 	lh_white_TopologyFix => 38.8821 secs
[2023-03-28 14:49:40,546][__main__][INFO] - 	lh_white_IsoSurfaceExtraction => 0.2435 secs
[2023-03-28 14:49:40,547][__main__][INFO] - 	rh_pial_ImplicictSurfaceSmooth => 0.5441 secs
[2023-03-28 14:49:40,547][__main__][INFO] - 	rh_pial_TopologyFix => 44.5315 secs
[2023-03-28 14:49:40,547][__main__][INFO] - 	rh_pial_IsoSurfaceExtraction => 0.2288 secs
[2023-03-28 14:49:40,547][__main__][INFO] - 	rh_white_ImplicictSurfaceSmooth => 0.5146 secs
[2023-03-28 14:49:40,547][__main__][INFO] - 	rh_white_TopologyFix => 39.1973 secs
[2023-03-28 14:49:40,547][__main__][INFO] - 	rh_white_IsoSurfaceExtraction => 0.3321 secs
[2023-03-28 14:49:40,548][__main__][INFO] - Total Surface prediction finished in 100.1820 seconds
