[2023-03-10 18:51:31,896][__main__][INFO] - Predicting surfaces with DeepCSR
Config:
user_config: null
inputs:
  mri_id: 201818
  mri_vol_path: /data/users2/washbee/speedrun/deepcsr-preprocessed/201818/mri.nii.gz
  model_checkpoint: /data/users2/washbee/speedrun/outputdirs/deepcsr-output_dir/best_model.pth
  model_surfaces:
  - lh_pial
  - lh_white
  - rh_pial
  - rh_white
generator:
  bbox_size:
  - 192.0
  - 228.0
  - 192.0
  resolution: 256
  points_batch_size: 1000000
  isrpr_vol_post_process: true
  isrpr_vol_smooth: 1.0
  fix_topology: true
  iso_surface_level: 0.0
model:
  hypercol: true
  device: cuda:0
outputs:
  output_dir: /data/users2/washbee/speedrun/outputdirs/deepcsr-output_dir-timing/checkpoints/predict_debug/
  save_all: false

[2023-03-10 18:51:34,700][__main__][INFO] - MRI /data/users2/washbee/speedrun/deepcsr-preprocessed/201818/mri.nii.gz read with torch.Size([1, 182, 218, 182]) dimensions in 2.8027 secs

*********before loading model
 
Device 0: b'NVIDIA GeForce RTX 2080 Ti', Memory : (88.62% free): 11811160064(total), 10466557952 (free), 1344602112 (used)
Max Memory occupied by tensors: 29360640
Max Memory Cached: 31457280
Current Memory occupied by tensors: 29360640
Current Memory cached occupied by tensors: 31457280


*********after loading model
 
Device 0: b'NVIDIA GeForce RTX 2080 Ti', Memory : (88.31% free): 11811160064(total), 10430906368 (free), 1380253696 (used)
Max Memory occupied by tensors: 49632256
Max Memory Cached: 67108864
Current Memory occupied by tensors: 49632256
Current Memory cached occupied by tensors: 67108864

[2023-03-10 18:51:34,780][__main__][INFO] - 0.0780 secs for DeepCSR model setup:
DeepCSRNetwork(
  (encoder): HypercolumnNetwork(
    (max_pool): MaxPool3d(kernel_size=3, stride=2, padding=1, dilation=1, ceil_mode=False)
    (conv_in): Conv3d(1, 8, kernel_size=(3, 3, 3), stride=(1, 1, 1), padding=(1, 1, 1))
    (conv_0): Conv3d(8, 16, kernel_size=(3, 3, 3), stride=(2, 2, 2), padding=(1, 1, 1))
    (conv_1): Conv3d(16, 32, kernel_size=(3, 3, 3), stride=(2, 2, 2), padding=(1, 1, 1))
    (conv_2): Conv3d(32, 64, kernel_size=(3, 3, 3), stride=(2, 2, 2), padding=(1, 1, 1))
    (conv_3): Conv3d(64, 128, kernel_size=(3, 3, 3), stride=(2, 2, 2), padding=(1, 1, 1))
    (fc): Linear(in_features=4608, out_features=264, bias=True)
    (point_pool): PointPooling()
  )
  (decoder): OCCNetDecoder(
    (fc_p): Conv1d(3, 256, kernel_size=(1,), stride=(1,))
    (block0): CResnetBlockConv1d(
      (bn_0): CBatchNorm1d(
        (conv_gamma): Conv1d(512, 256, kernel_size=(1,), stride=(1,))
        (conv_beta): Conv1d(512, 256, kernel_size=(1,), stride=(1,))
        (bn): BatchNorm1d(256, eps=1e-05, momentum=0.1, affine=False, track_running_stats=True)
      )
      (bn_1): CBatchNorm1d(
        (conv_gamma): Conv1d(512, 256, kernel_size=(1,), stride=(1,))
        (conv_beta): Conv1d(512, 256, kernel_size=(1,), stride=(1,))
        (bn): BatchNorm1d(256, eps=1e-05, momentum=0.1, affine=False, track_running_stats=True)
      )
      (fc_0): Conv1d(256, 256, kernel_size=(1,), stride=(1,))
      (fc_1): Conv1d(256, 256, kernel_size=(1,), stride=(1,))
      (actvn): ReLU()
    )
    (block1): CResnetBlockConv1d(
      (bn_0): CBatchNorm1d(
        (conv_gamma): Conv1d(512, 256, kernel_size=(1,), stride=(1,))
        (conv_beta): Conv1d(512, 256, kernel_size=(1,), stride=(1,))
        (bn): BatchNorm1d(256, eps=1e-05, momentum=0.1, affine=False, track_running_stats=True)
      )
      (bn_1): CBatchNorm1d(
        (conv_gamma): Conv1d(512, 256, kernel_size=(1,), stride=(1,))
        (conv_beta): Conv1d(512, 256, kernel_size=(1,), stride=(1,))
        (bn): BatchNorm1d(256, eps=1e-05, momentum=0.1, affine=False, track_running_stats=True)
      )
      (fc_0): Conv1d(256, 256, kernel_size=(1,), stride=(1,))
      (fc_1): Conv1d(256, 256, kernel_size=(1,), stride=(1,))
      (actvn): ReLU()
    )
    (block2): CResnetBlockConv1d(
      (bn_0): CBatchNorm1d(
        (conv_gamma): Conv1d(512, 256, kernel_size=(1,), stride=(1,))
        (conv_beta): Conv1d(512, 256, kernel_size=(1,), stride=(1,))
        (bn): BatchNorm1d(256, eps=1e-05, momentum=0.1, affine=False, track_running_stats=True)
      )
      (bn_1): CBatchNorm1d(
        (conv_gamma): Conv1d(512, 256, kernel_size=(1,), stride=(1,))
        (conv_beta): Conv1d(512, 256, kernel_size=(1,), stride=(1,))
        (bn): BatchNorm1d(256, eps=1e-05, momentum=0.1, affine=False, track_running_stats=True)
      )
      (fc_0): Conv1d(256, 256, kernel_size=(1,), stride=(1,))
      (fc_1): Conv1d(256, 256, kernel_size=(1,), stride=(1,))
      (actvn): ReLU()
    )
    (block3): CResnetBlockConv1d(
      (bn_0): CBatchNorm1d(
        (conv_gamma): Conv1d(512, 256, kernel_size=(1,), stride=(1,))
        (conv_beta): Conv1d(512, 256, kernel_size=(1,), stride=(1,))
        (bn): BatchNorm1d(256, eps=1e-05, momentum=0.1, affine=False, track_running_stats=True)
      )
      (bn_1): CBatchNorm1d(
        (conv_gamma): Conv1d(512, 256, kernel_size=(1,), stride=(1,))
        (conv_beta): Conv1d(512, 256, kernel_size=(1,), stride=(1,))
        (bn): BatchNorm1d(256, eps=1e-05, momentum=0.1, affine=False, track_running_stats=True)
      )
      (fc_0): Conv1d(256, 256, kernel_size=(1,), stride=(1,))
      (fc_1): Conv1d(256, 256, kernel_size=(1,), stride=(1,))
      (actvn): ReLU()
    )
    (block4): CResnetBlockConv1d(
      (bn_0): CBatchNorm1d(
        (conv_gamma): Conv1d(512, 256, kernel_size=(1,), stride=(1,))
        (conv_beta): Conv1d(512, 256, kernel_size=(1,), stride=(1,))
        (bn): BatchNorm1d(256, eps=1e-05, momentum=0.1, affine=False, track_running_stats=True)
      )
      (bn_1): CBatchNorm1d(
        (conv_gamma): Conv1d(512, 256, kernel_size=(1,), stride=(1,))
        (conv_beta): Conv1d(512, 256, kernel_size=(1,), stride=(1,))
        (bn): BatchNorm1d(256, eps=1e-05, momentum=0.1, affine=False, track_running_stats=True)
      )
      (fc_0): Conv1d(256, 256, kernel_size=(1,), stride=(1,))
      (fc_1): Conv1d(256, 256, kernel_size=(1,), stride=(1,))
      (actvn): ReLU()
    )
    (bn): CBatchNorm1d(
      (conv_gamma): Conv1d(512, 256, kernel_size=(1,), stride=(1,))
      (conv_beta): Conv1d(512, 256, kernel_size=(1,), stride=(1,))
      (bn): BatchNorm1d(256, eps=1e-05, momentum=0.1, affine=False, track_running_stats=True)
    )
    (fc_out): Conv1d(256, 4, kernel_size=(1,), stride=(1,))
  )
)
[2023-03-10 18:51:34,781][__main__][INFO] - Total number of parameters: 5060188
[2023-03-10 18:51:34,880][__main__][INFO] - Model weights at iteration 42000 and validation loss 2378.6959 loaded from /data/users2/washbee/speedrun/outputdirs/deepcsr-output_dir/best_model.pth in 0.0984 secs





model size: 19.325MB





[2023-03-10 18:51:34,883][__main__][INFO] - predicting implicit surfaces ...
[2023-03-10 18:51:35,078][__main__][INFO] - 16777216 query points generated to predict implicit surfaces
[2023-03-10 18:51:59,812][__main__][INFO] - predicted 9/17 batches of query points in 24.9294 secs
[2023-03-10 18:52:16,618][__main__][INFO] - Implicit surface prediction of shape (256, 256, 256, 4) computed in 41.7064 secs
[2023-03-10 18:52:16,620][__main__][INFO] - extracting meshes...
[2023-03-10 18:52:17,006][__main__][INFO] - Post-processing predicted implicit surface representation for surface lh_pial ...
[2023-03-10 18:52:17,244][__main__][INFO] - Post-processing predicted implicit surface representation for surface lh_white ...
[2023-03-10 18:52:17,549][__main__][INFO] - Post-processing predicted implicit surface representation for surface rh_pial ...
[2023-03-10 18:52:17,788][__main__][INFO] - Post-processing predicted implicit surface representation for surface rh_white ...
[2023-03-10 18:52:20,290][__main__][INFO] - Post-processed predicted implicit surface representation for surface lh_pial has (133, 220, 190) voxels and was computed in 3.2842 secs
[2023-03-10 18:52:20,293][__main__][INFO] - Smoothing predicted implicit surface representation for surface lh_pial with Gaussian kernel radius of 1.0...
[2023-03-10 18:52:20,731][__main__][INFO] - Post-processed predicted implicit surface representation for surface rh_pial has (126, 220, 196) voxels and was computed in 3.1806 secs
[2023-03-10 18:52:20,732][__main__][INFO] - Smoothing predicted implicit surface representation for surface rh_pial with Gaussian kernel radius of 1.0...
[2023-03-10 18:52:20,774][__main__][INFO] - Post-processed predicted implicit surface representation for surface lh_white has (124, 216, 176) voxels and was computed in 3.5303 secs
[2023-03-10 18:52:20,776][__main__][INFO] - Smoothing predicted implicit surface representation for surface lh_white with Gaussian kernel radius of 1.0...
[2023-03-10 18:52:20,924][__main__][INFO] - Post-processed predicted implicit surface representation for surface rh_white has (120, 213, 184) voxels and was computed in 3.1355 secs
[2023-03-10 18:52:20,926][__main__][INFO] - Smoothing predicted implicit surface representation for surface rh_white with Gaussian kernel radius of 1.0...
[2023-03-10 18:52:20,976][__main__][INFO] - Smoothed predicted implicit surface for lh_pial in 0.6825 secs
[2023-03-10 18:52:21,260][__main__][INFO] - Smoothed predicted implicit surface for lh_white in 0.4841 secs
[2023-03-10 18:52:21,373][__main__][INFO] - Smoothed predicted implicit surface for rh_pial in 0.6410 secs
[2023-03-10 18:52:21,488][__main__][INFO] - Smoothed predicted implicit surface for rh_white in 0.5617 secs
[2023-03-10 18:52:25,483][__main__][INFO] - fixing topology of surface with nighres toolbox...
[2023-03-10 18:52:25,483][__main__][INFO] - fixing topology of surface with nighres toolbox...
[2023-03-10 18:52:25,484][__main__][INFO] - fixing topology of surface with nighres toolbox...

Topology Correction

Topology Correction

Topology Correction
Opening LUT: java.io.FileInputStream@533ddba
Opening LUT: java.io.FileInputStream@533ddba
Opening LUT: java.io.FileInputStream@533ddba
Simple points: 2537750
intialize from bounding box
initialization
fast marching correction (levelsets)
Simple points: 2537750
Simple points: 2537750
intialize from min levelset
intialize from min levelset
initialization
initialization
fast marching correction (levelsets)
fast marching correction (levelsets)
init
init
init
[2023-03-10 18:52:29,491][__main__][INFO] - fixing topology of surface with nighres toolbox...

Topology Correction
Opening LUT: java.io.FileInputStream@533ddba
Simple points: 2537750
intialize from bounding box
initialization
fast marching correction (levelsets)
init
done
[2023-03-10 18:53:05,049][__main__][INFO] - Fixed topology of surface lh_white using nighres in 39.5659 secs
[2023-03-10 18:53:05,050][__main__][INFO] - extracting 0.0 iso-surface of surface lh_white...
[2023-03-10 18:53:05,531][__main__][INFO] - Surface lh_white extracted in 0.2406 secs and saved to /data/users2/washbee/speedrun/outputdirs/deepcsr-output_dir-timing/checkpoints/predict_debug/201818_lh_white.stl
done
done
[2023-03-10 18:53:08,817][__main__][INFO] - Fixed topology of surface rh_white using nighres in 39.3265 secs
[2023-03-10 18:53:08,818][__main__][INFO] - extracting 0.0 iso-surface of surface rh_white...
[2023-03-10 18:53:09,237][__main__][INFO] - Surface rh_white extracted in 0.2373 secs and saved to /data/users2/washbee/speedrun/outputdirs/deepcsr-output_dir-timing/checkpoints/predict_debug/201818_rh_white.stl
[2023-03-10 18:53:09,601][__main__][INFO] - Fixed topology of surface rh_pial using nighres in 44.1178 secs
[2023-03-10 18:53:09,602][__main__][INFO] - extracting 0.0 iso-surface of surface rh_pial...
[2023-03-10 18:53:09,983][__main__][INFO] - Surface rh_pial extracted in 0.2366 secs and saved to /data/users2/washbee/speedrun/outputdirs/deepcsr-output_dir-timing/checkpoints/predict_debug/201818_rh_pial.stl
done
[2023-03-10 18:53:11,678][__main__][INFO] - Fixed topology of surface lh_pial using nighres in 46.1936 secs
[2023-03-10 18:53:11,678][__main__][INFO] - extracting 0.0 iso-surface of surface lh_pial...
[2023-03-10 18:53:12,032][__main__][INFO] - Surface lh_pial extracted in 0.2198 secs and saved to /data/users2/washbee/speedrun/outputdirs/deepcsr-output_dir-timing/checkpoints/predict_debug/201818_lh_pial.stl
[2023-03-10 18:53:12,547][__main__][INFO] - Surfaces extracted in 55.9270 secs
0 - override config
Device 0: b'NVIDIA GeForce RTX 2080 Ti', Memory : (97.82% free): 11811160064(total), 11553800192 (free), 257359872 (used)
Max Memory occupied by tensors: 0
Max Memory Cached: 0
Current Memory occupied by tensors: 0
Current Memory cached occupied by tensors: 0




0 - read MRI
Device 0: b'NVIDIA GeForce RTX 2080 Ti', Memory : (97.80% free): 11811160064(total), 11550785536 (free), 260374528 (used)
Max Memory occupied by tensors: 0
Max Memory Cached: 0
Current Memory occupied by tensors: 0
Current Memory cached occupied by tensors: 0




0 - setup model
Device 0: b'NVIDIA GeForce RTX 2080 Ti', Memory : (88.62% free): 11811160064(total), 10466557952 (free), 1344602112 (used)
Max Memory occupied by tensors: 29360640
Max Memory Cached: 31457280
Current Memory occupied by tensors: 29360640
Current Memory cached occupied by tensors: 31457280




0 - load model weights
Device 0: b'NVIDIA GeForce RTX 2080 Ti', Memory : (88.31% free): 11811160064(total), 10430906368 (free), 1380253696 (used)
Max Memory occupied by tensors: 49632256
Max Memory Cached: 67108864
Current Memory occupied by tensors: 49632256
Current Memory cached occupied by tensors: 67108864




0 - generate grid of points at desired resolution
Device 0: b'NVIDIA GeForce RTX 2080 Ti', Memory : (87.92% free): 11811160064(total), 10384769024 (free), 1426391040 (used)
Max Memory occupied by tensors: 110390784
Max Memory Cached: 113246208
Current Memory occupied by tensors: 49632256
Current Memory cached occupied by tensors: 113246208




0 - implicit surface prediction in batches and resuing computed features
Device 0: b'NVIDIA GeForce RTX 2080 Ti', Memory : (87.92% free): 11811160064(total), 10384769024 (free), 1426391040 (used)
Max Memory occupied by tensors: 110390784
Max Memory Cached: 113246208
Current Memory occupied by tensors: 49632256
Current Memory cached occupied by tensors: 113246208




0 - after model prediction / generate meshes in parallel
Device 0: b'NVIDIA GeForce RTX 2080 Ti', Memory : (86.77% free): 11811160064(total), 10248454144 (free), 1562705920 (used)
Max Memory occupied by tensors: 9599518720
Max Memory Cached: 9720299520
Current Memory occupied by tensors: 71394304
Current Memory cached occupied by tensors: 228589568




0 - timer statistics to disk
Device 0: b'NVIDIA GeForce RTX 2080 Ti', Memory : (86.77% free): 11811160064(total), 10248454144 (free), 1562705920 (used)
Max Memory occupied by tensors: 9599518720
Max Memory Cached: 9720299520
Current Memory occupied by tensors: 71394304
Current Memory cached occupied by tensors: 228589568




[2023-03-10 18:53:12,548][__main__][INFO] - Timer summary:
[2023-03-10 18:53:12,549][__main__][INFO] - 	ReadData => 2.8027 secs
[2023-03-10 18:53:12,550][__main__][INFO] - 	ModelSetup => 0.0780 secs
[2023-03-10 18:53:12,550][__main__][INFO] - 	ModelLoadWeights => 0.0984 secs
[2023-03-10 18:53:12,550][__main__][INFO] - 	ImplicitSurfacePrediction => 41.7064 secs
[2023-03-10 18:53:12,550][__main__][INFO] - 	MeshExtraction => 55.9270 secs
[2023-03-10 18:53:12,550][__main__][INFO] - 	Total => 100.6518 secs
[2023-03-10 18:53:12,550][__main__][INFO] - 	PostProcessingImplicictSurface => 3.1355 secs
[2023-03-10 18:53:12,550][__main__][INFO] - 	lh_pial_ImplicictSurfaceSmooth => 0.6825 secs
[2023-03-10 18:53:12,550][__main__][INFO] - 	lh_pial_TopologyFix => 46.1936 secs
[2023-03-10 18:53:12,550][__main__][INFO] - 	lh_pial_IsoSurfaceExtraction => 0.2198 secs
[2023-03-10 18:53:12,550][__main__][INFO] - 	lh_white_ImplicictSurfaceSmooth => 0.4841 secs
[2023-03-10 18:53:12,550][__main__][INFO] - 	lh_white_TopologyFix => 39.5659 secs
[2023-03-10 18:53:12,550][__main__][INFO] - 	lh_white_IsoSurfaceExtraction => 0.2406 secs
[2023-03-10 18:53:12,550][__main__][INFO] - 	rh_pial_ImplicictSurfaceSmooth => 0.6410 secs
[2023-03-10 18:53:12,550][__main__][INFO] - 	rh_pial_TopologyFix => 44.1178 secs
[2023-03-10 18:53:12,550][__main__][INFO] - 	rh_pial_IsoSurfaceExtraction => 0.2366 secs
[2023-03-10 18:53:12,550][__main__][INFO] - 	rh_white_ImplicictSurfaceSmooth => 0.5617 secs
[2023-03-10 18:53:12,550][__main__][INFO] - 	rh_white_TopologyFix => 39.3265 secs
[2023-03-10 18:53:12,550][__main__][INFO] - 	rh_white_IsoSurfaceExtraction => 0.2373 secs
[2023-03-10 18:53:12,551][__main__][INFO] - Total Surface prediction finished in 100.6518 seconds
